36.0 APEX_CODE,DEBUG;APEX_PROFILING,INFO;CALLOUT,INFO;DB,INFO;NBA,INFO;SYSTEM,DEBUG;VALIDATION,INFO;VISUALFORCE,DEBUG;WAVE,INFO;WORKFLOW,INFO
Execute Anonymous: OpportunityBuilder.run_test_1();
00:48:26.5 (5364762)|USER_INFO|[EXTERNAL]|005f4000002Yjy1|anderson.paschoalon@brave-badger-193468.com|Fuso horário de Brasília|GMT-03:00
00:48:26.5 (5385162)|EXECUTION_STARTED
00:48:26.5 (5389006)|CODE_UNIT_STARTED|[EXTERNAL]|execute_anonymous_apex
00:48:26.5 (5781318)|SYSTEM_MODE_ENTER|false
00:48:26.5 (15576038)|EXCEPTION_THROWN|[EXTERNAL]|System.TypeException: Cannot call test methods in non-test context
00:48:26.5 (15904694)|SYSTEM_MODE_EXIT|false
00:48:26.5 (16002726)|FATAL_ERROR|System.TypeException: Cannot call test methods in non-test context

External entry point
AnonymousBlock: line 1, column 1
AnonymousBlock: line 1, column 1
00:48:26.16 (16042253)|CUMULATIVE_LIMIT_USAGE
00:48:26.16 (16042253)|LIMIT_USAGE_FOR_NS|(default)|
  Number of SOQL queries: 0 out of 100
  Number of query rows: 0 out of 50000
  Number of SOSL queries: 0 out of 20
  Number of DML statements: 0 out of 150
  Number of DML rows: 0 out of 10000
  Maximum CPU time: 0 out of 10000
  Maximum heap size: 0 out of 6000000
  Number of callouts: 0 out of 100
  Number of Email Invocations: 0 out of 10
  Number of future calls: 0 out of 50
  Number of queueable jobs added to the queue: 0 out of 50
  Number of Mobile Apex push calls: 0 out of 10

00:48:26.16 (16042253)|CUMULATIVE_LIMIT_USAGE_END

00:48:26.5 (16083326)|CODE_UNIT_FINISHED|execute_anonymous_apex
00:48:26.5 (17190162)|EXECUTION_FINISHED
