36.0 APEX_CODE,DEBUG;APEX_PROFILING,INFO;CALLOUT,INFO;DB,INFO;NBA,INFO;SYSTEM,DEBUG;VALIDATION,INFO;VISUALFORCE,DEBUG;WAVE,INFO;WORKFLOW,INFO
Execute Anonymous: OpportunityBuilder.run1();
00:47:10.10 (10597391)|USER_INFO|[EXTERNAL]|005f4000002Yjy1|anderson.paschoalon@brave-badger-193468.com|Fuso horário de Brasília|GMT-03:00
00:47:10.10 (10618615)|EXECUTION_STARTED
00:47:10.10 (10623000)|CODE_UNIT_STARTED|[EXTERNAL]|execute_anonymous_apex
00:47:10.10 (11133888)|SYSTEM_MODE_ENTER|false
00:47:10.10 (28011907)|SYSTEM_MODE_EXIT|false
00:47:10.10 (28137689)|FATAL_ERROR|System.TypeException: Test.getStandardPricebookId() can only be called from test methods

Class.System.Test.getStandardPricebookId: line 69, column 1
Class.OpportunityBuilder.run1: line 25, column 1
AnonymousBlock: line 1, column 1
AnonymousBlock: line 1, column 1
00:47:10.28 (28180525)|CUMULATIVE_LIMIT_USAGE
00:47:10.28 (28180525)|LIMIT_USAGE_FOR_NS|(default)|
  Number of SOQL queries: 0 out of 100
  Number of query rows: 0 out of 50000
  Number of SOSL queries: 0 out of 20
  Number of DML statements: 0 out of 150
  Number of DML rows: 0 out of 10000
  Maximum CPU time: 0 out of 10000
  Maximum heap size: 0 out of 6000000
  Number of callouts: 0 out of 100
  Number of Email Invocations: 0 out of 10
  Number of future calls: 0 out of 50
  Number of queueable jobs added to the queue: 0 out of 50
  Number of Mobile Apex push calls: 0 out of 10

00:47:10.28 (28180525)|CUMULATIVE_LIMIT_USAGE_END

00:47:10.10 (28217747)|CODE_UNIT_FINISHED|execute_anonymous_apex
00:47:10.10 (29387014)|EXECUTION_FINISHED
