43.0 APEX_CODE,FINEST;APEX_PROFILING,INFO;CALLOUT,INFO;DB,INFO;NBA,INFO;SYSTEM,DEBUG;VALIDATION,INFO;VISUALFORCE,INFO;WAVE,INFO;WORKFLOW,INFO
09:07:26.0 (86937)|USER_INFO|[EXTERNAL]|0056A00000117Ro|anderson.paschoalon@playful-moose-415038.com|Fuso horário de Brasília|GMT-03:00
09:07:26.0 (126684)|EXECUTION_STARTED
09:07:26.0 (132676)|CODE_UNIT_STARTED|[EXTERNAL]|Aura
09:07:26.0 (666349)|HEAP_ALLOCATE|[72]|Bytes:3
09:07:26.0 (718999)|HEAP_ALLOCATE|[77]|Bytes:152
09:07:26.0 (736915)|HEAP_ALLOCATE|[342]|Bytes:408
09:07:26.0 (752962)|HEAP_ALLOCATE|[355]|Bytes:408
09:07:26.0 (764795)|HEAP_ALLOCATE|[467]|Bytes:48
09:07:26.0 (792006)|HEAP_ALLOCATE|[139]|Bytes:6
09:07:26.0 (805585)|HEAP_ALLOCATE|[EXTERNAL]|Bytes:18
09:07:26.0 (815334)|HEAP_ALLOCATE|[EXTERNAL]|Bytes:4
09:07:26.0 (1557839)|CODE_UNIT_STARTED|[EXTERNAL]|01p6A00000HfnNZ|MyContactListController.getContacts(Id)
09:07:26.0 (1653412)|HEAP_ALLOCATE|[EXTERNAL]|Bytes:1
09:07:26.0 (1667168)|METHOD_ENTRY|[1]|01p6A00000HfnNZ|MyContactListController.MyContactListController()
09:07:26.0 (1672907)|STATEMENT_EXECUTE|[1]
09:07:26.0 (1677558)|STATEMENT_EXECUTE|[1]
09:07:26.0 (1715997)|HEAP_ALLOCATE|[50]|Bytes:5
09:07:26.0 (1742392)|HEAP_ALLOCATE|[56]|Bytes:5
09:07:26.0 (1750398)|HEAP_ALLOCATE|[64]|Bytes:7
09:07:26.0 (1767894)|SYSTEM_MODE_ENTER|false
09:07:26.0 (1782055)|HEAP_ALLOCATE|[EXTERNAL]|Bytes:5
09:07:26.0 (1790116)|SYSTEM_MODE_EXIT|false
09:07:26.0 (1798858)|METHOD_EXIT|[1]|MyContactListController
09:07:26.0 (1804400)|HEAP_ALLOCATE|[EXTERNAL]|Bytes:4
09:07:26.0 (1811088)|SYSTEM_MODE_ENTER|false
09:07:26.0 (1817564)|VARIABLE_SCOPE_BEGIN|[3]|recordId|Id|false|false
09:07:26.0 (2046043)|VARIABLE_ASSIGNMENT|[3]|recordId|"0016A00000JmWnMQAV"
09:07:26.0 (2065140)|HEAP_ALLOCATE|[4]|Bytes:5
09:07:26.0 (2070769)|STATEMENT_EXECUTE|[3]
09:07:26.0 (2072938)|STATEMENT_EXECUTE|[4]
09:07:26.0 (2076110)|HEAP_ALLOCATE|[4]|Bytes:84
09:07:26.0 (2099067)|HEAP_ALLOCATE|[4]|Bytes:4
09:07:26.0 (2112256)|HEAP_ALLOCATE|[4]|Bytes:7
09:07:26.0 (2465601)|SOQL_EXECUTE_BEGIN|[4]|Aggregations:0|SELECT Id, FirstName, LastName, Email, Phone FROM Contact WHERE AccountId = :tmpVar1
09:07:26.0 (5231525)|SOQL_EXECUTE_END|[4]|Rows:4
09:07:26.0 (5253485)|HEAP_ALLOCATE|[4]|Bytes:20
09:07:26.0 (5280039)|HEAP_ALLOCATE|[4]|Bytes:443
09:07:26.0 (5352352)|HEAP_ALLOCATE|[4]|Bytes:20
09:07:26.0 (5368737)|SYSTEM_MODE_EXIT|false
09:07:26.5 (5393647)|CUMULATIVE_LIMIT_USAGE
09:07:26.5 (5393647)|LIMIT_USAGE_FOR_NS|(default)|
  Number of SOQL queries: 1 out of 100
  Number of query rows: 4 out of 50000
  Number of SOSL queries: 0 out of 20
  Number of DML statements: 0 out of 150
  Number of DML rows: 0 out of 10000
  Maximum CPU time: 0 out of 10000
  Maximum heap size: 0 out of 6000000
  Number of callouts: 0 out of 100
  Number of Email Invocations: 0 out of 10
  Number of future calls: 0 out of 50
  Number of queueable jobs added to the queue: 0 out of 50
  Number of Mobile Apex push calls: 0 out of 10

09:07:26.5 (5393647)|CUMULATIVE_LIMIT_USAGE_END

09:07:26.0 (5431004)|CODE_UNIT_FINISHED|MyContactListController.getContacts(Id)
09:07:26.0 (5518299)|CODE_UNIT_FINISHED|Aura
09:07:26.0 (6591040)|EXECUTION_FINISHED
