43.0 APEX_CODE,FINEST;APEX_PROFILING,INFO;CALLOUT,INFO;DB,INFO;NBA,INFO;SYSTEM,DEBUG;VALIDATION,INFO;VISUALFORCE,INFO;WAVE,INFO;WORKFLOW,INFO
09:09:12.0 (93997)|USER_INFO|[EXTERNAL]|0056A00000117Ro|anderson.paschoalon@playful-moose-415038.com|Fuso horário de Brasília|GMT-03:00
09:09:12.0 (132466)|EXECUTION_STARTED
09:09:12.0 (138543)|CODE_UNIT_STARTED|[EXTERNAL]|Aura
09:09:12.0 (746415)|HEAP_ALLOCATE|[72]|Bytes:3
09:09:12.0 (815998)|HEAP_ALLOCATE|[77]|Bytes:152
09:09:12.0 (845049)|HEAP_ALLOCATE|[342]|Bytes:408
09:09:12.0 (897780)|HEAP_ALLOCATE|[355]|Bytes:408
09:09:12.0 (927677)|HEAP_ALLOCATE|[467]|Bytes:48
09:09:12.0 (970154)|HEAP_ALLOCATE|[139]|Bytes:6
09:09:12.0 (996549)|HEAP_ALLOCATE|[EXTERNAL]|Bytes:18
09:09:12.0 (1010711)|HEAP_ALLOCATE|[EXTERNAL]|Bytes:4
09:09:12.0 (1841092)|CODE_UNIT_STARTED|[EXTERNAL]|01p6A00000HfnNZ|MyContactListController.getContacts(Id)
09:09:12.0 (1997215)|HEAP_ALLOCATE|[EXTERNAL]|Bytes:1
09:09:12.0 (2017592)|METHOD_ENTRY|[1]|01p6A00000HfnNZ|MyContactListController.MyContactListController()
09:09:12.0 (2028398)|STATEMENT_EXECUTE|[1]
09:09:12.0 (2034679)|STATEMENT_EXECUTE|[1]
09:09:12.0 (2089973)|HEAP_ALLOCATE|[50]|Bytes:5
09:09:12.0 (2126764)|HEAP_ALLOCATE|[56]|Bytes:5
09:09:12.0 (2142193)|HEAP_ALLOCATE|[64]|Bytes:7
09:09:12.0 (2168417)|SYSTEM_MODE_ENTER|false
09:09:12.0 (2188457)|HEAP_ALLOCATE|[EXTERNAL]|Bytes:5
09:09:12.0 (2201308)|SYSTEM_MODE_EXIT|false
09:09:12.0 (2214720)|METHOD_EXIT|[1]|MyContactListController
09:09:12.0 (2222908)|HEAP_ALLOCATE|[EXTERNAL]|Bytes:4
09:09:12.0 (2234097)|SYSTEM_MODE_ENTER|false
09:09:12.0 (2243734)|VARIABLE_SCOPE_BEGIN|[3]|recordId|Id|false|false
09:09:12.0 (2502572)|VARIABLE_ASSIGNMENT|[3]|recordId|"0016A00000JmWnMQAV"
09:09:12.0 (2521232)|HEAP_ALLOCATE|[4]|Bytes:5
09:09:12.0 (2527182)|STATEMENT_EXECUTE|[3]
09:09:12.0 (2529511)|STATEMENT_EXECUTE|[4]
09:09:12.0 (2533115)|HEAP_ALLOCATE|[4]|Bytes:84
09:09:12.0 (2560316)|HEAP_ALLOCATE|[4]|Bytes:4
09:09:12.0 (2574475)|HEAP_ALLOCATE|[4]|Bytes:7
09:09:12.0 (3078369)|SOQL_EXECUTE_BEGIN|[4]|Aggregations:0|SELECT Id, FirstName, LastName, Email, Phone FROM Contact WHERE AccountId = :tmpVar1
09:09:12.0 (6028269)|SOQL_EXECUTE_END|[4]|Rows:4
09:09:12.0 (6052022)|HEAP_ALLOCATE|[4]|Bytes:20
09:09:12.0 (6079059)|HEAP_ALLOCATE|[4]|Bytes:443
09:09:12.0 (6180742)|HEAP_ALLOCATE|[4]|Bytes:20
09:09:12.0 (6207441)|SYSTEM_MODE_EXIT|false
09:09:12.6 (6242562)|CUMULATIVE_LIMIT_USAGE
09:09:12.6 (6242562)|LIMIT_USAGE_FOR_NS|(default)|
  Number of SOQL queries: 1 out of 100
  Number of query rows: 4 out of 50000
  Number of SOSL queries: 0 out of 20
  Number of DML statements: 0 out of 150
  Number of DML rows: 0 out of 10000
  Maximum CPU time: 0 out of 10000
  Maximum heap size: 0 out of 6000000
  Number of callouts: 0 out of 100
  Number of Email Invocations: 0 out of 10
  Number of future calls: 0 out of 50
  Number of queueable jobs added to the queue: 0 out of 50
  Number of Mobile Apex push calls: 0 out of 10

09:09:12.6 (6242562)|CUMULATIVE_LIMIT_USAGE_END

09:09:12.0 (6296899)|CODE_UNIT_FINISHED|MyContactListController.getContacts(Id)
09:09:12.0 (6443665)|CODE_UNIT_FINISHED|Aura
09:09:12.0 (7648079)|EXECUTION_FINISHED
