43.0 APEX_CODE,FINEST;APEX_PROFILING,INFO;CALLOUT,INFO;DB,INFO;NBA,INFO;SYSTEM,DEBUG;VALIDATION,INFO;VISUALFORCE,INFO;WAVE,INFO;WORKFLOW,INFO
09:06:40.0 (337287)|USER_INFO|[EXTERNAL]|0056A00000117Ro|anderson.paschoalon@playful-moose-415038.com|Fuso horário de Brasília|GMT-03:00
09:06:40.0 (372326)|EXECUTION_STARTED
09:06:40.0 (376988)|CODE_UNIT_STARTED|[EXTERNAL]|Aura
09:06:40.0 (2179282)|HEAP_ALLOCATE|[72]|Bytes:3
09:06:40.0 (2232393)|HEAP_ALLOCATE|[77]|Bytes:152
09:06:40.0 (2249289)|HEAP_ALLOCATE|[342]|Bytes:408
09:06:40.0 (2263668)|HEAP_ALLOCATE|[355]|Bytes:408
09:06:40.0 (2275852)|HEAP_ALLOCATE|[467]|Bytes:48
09:06:40.0 (2302874)|HEAP_ALLOCATE|[139]|Bytes:6
09:06:40.0 (2317541)|HEAP_ALLOCATE|[EXTERNAL]|Bytes:18
09:06:40.0 (2328196)|HEAP_ALLOCATE|[EXTERNAL]|Bytes:4
09:06:40.0 (3116522)|CODE_UNIT_STARTED|[EXTERNAL]|01p6A00000HfnNZ|MyContactListController.getContacts(Id)
09:06:40.0 (3247343)|HEAP_ALLOCATE|[EXTERNAL]|Bytes:1
09:06:40.0 (3262090)|METHOD_ENTRY|[1]|01p6A00000HfnNZ|MyContactListController.MyContactListController()
09:06:40.0 (3267618)|STATEMENT_EXECUTE|[1]
09:06:40.0 (3272685)|STATEMENT_EXECUTE|[1]
09:06:40.0 (3315247)|HEAP_ALLOCATE|[50]|Bytes:5
09:06:40.0 (3342005)|HEAP_ALLOCATE|[56]|Bytes:5
09:06:40.0 (3353195)|HEAP_ALLOCATE|[64]|Bytes:7
09:06:40.0 (3373787)|SYSTEM_MODE_ENTER|false
09:06:40.0 (3391088)|HEAP_ALLOCATE|[EXTERNAL]|Bytes:5
09:06:40.0 (3401017)|SYSTEM_MODE_EXIT|false
09:06:40.0 (3414335)|METHOD_EXIT|[1]|MyContactListController
09:06:40.0 (3422025)|HEAP_ALLOCATE|[EXTERNAL]|Bytes:4
09:06:40.0 (3431189)|SYSTEM_MODE_ENTER|false
09:06:40.0 (3442915)|VARIABLE_SCOPE_BEGIN|[3]|recordId|Id|false|false
09:06:40.0 (3622957)|VARIABLE_ASSIGNMENT|[3]|recordId|"0016A00000JmWnMQAV"
09:06:40.0 (3641219)|HEAP_ALLOCATE|[4]|Bytes:5
09:06:40.0 (3646942)|STATEMENT_EXECUTE|[3]
09:06:40.0 (3649008)|STATEMENT_EXECUTE|[4]
09:06:40.0 (3652755)|HEAP_ALLOCATE|[4]|Bytes:84
09:06:40.0 (3674246)|HEAP_ALLOCATE|[4]|Bytes:4
09:06:40.0 (3687121)|HEAP_ALLOCATE|[4]|Bytes:7
09:06:40.0 (4068402)|SOQL_EXECUTE_BEGIN|[4]|Aggregations:0|SELECT Id, FirstName, LastName, Email, Phone FROM Contact WHERE AccountId = :tmpVar1
09:06:40.0 (14010308)|SOQL_EXECUTE_END|[4]|Rows:4
09:06:40.0 (14033505)|HEAP_ALLOCATE|[4]|Bytes:20
09:06:40.0 (14061332)|HEAP_ALLOCATE|[4]|Bytes:443
09:06:40.0 (14096718)|HEAP_ALLOCATE|[4]|Bytes:20
09:06:40.0 (14113280)|SYSTEM_MODE_EXIT|false
09:06:40.14 (14142892)|CUMULATIVE_LIMIT_USAGE
09:06:40.14 (14142892)|LIMIT_USAGE_FOR_NS|(default)|
  Number of SOQL queries: 1 out of 100
  Number of query rows: 4 out of 50000
  Number of SOSL queries: 0 out of 20
  Number of DML statements: 0 out of 150
  Number of DML rows: 0 out of 10000
  Maximum CPU time: 0 out of 10000
  Maximum heap size: 0 out of 6000000
  Number of callouts: 0 out of 100
  Number of Email Invocations: 0 out of 10
  Number of future calls: 0 out of 50
  Number of queueable jobs added to the queue: 0 out of 50
  Number of Mobile Apex push calls: 0 out of 10

09:06:40.14 (14142892)|CUMULATIVE_LIMIT_USAGE_END

09:06:40.0 (14181996)|CODE_UNIT_FINISHED|MyContactListController.getContacts(Id)
09:06:40.0 (14274496)|CODE_UNIT_FINISHED|Aura
09:06:40.0 (15364017)|EXECUTION_FINISHED
