30.0 APEX_CODE,FINEST;APEX_PROFILING,INFO;CALLOUT,INFO;DB,INFO;NBA,INFO;SYSTEM,DEBUG;VALIDATION,INFO;VISUALFORCE,INFO;WAVE,INFO;WORKFLOW,INFO
Execute Anonymous: Id fakeId;
Execute Anonymous: List<Contact> contacts = MyContactListController.getContacts(fakeId);
08:20:52.1 (1194272)|USER_INFO|[EXTERNAL]|0056A00000117Ro|anderson.paschoalon@playful-moose-415038.com|Fuso horário de Brasília|GMT-03:00
08:20:52.1 (1218252)|EXECUTION_STARTED
08:20:52.1 (1223705)|CODE_UNIT_STARTED|[EXTERNAL]|execute_anonymous_apex
08:20:52.1 (1445545)|VARIABLE_SCOPE_BEGIN|[2]|contacts|List<Contact>|true|false
08:20:52.1 (1473347)|VARIABLE_SCOPE_BEGIN|[1]|fakeId|Id|false|false
08:20:52.1 (1599145)|HEAP_ALLOCATE|[72]|Bytes:3
08:20:52.1 (1632949)|HEAP_ALLOCATE|[77]|Bytes:152
08:20:52.1 (1645555)|HEAP_ALLOCATE|[342]|Bytes:408
08:20:52.1 (1657307)|HEAP_ALLOCATE|[355]|Bytes:408
08:20:52.1 (1667441)|HEAP_ALLOCATE|[467]|Bytes:48
08:20:52.1 (1691986)|HEAP_ALLOCATE|[139]|Bytes:6
08:20:52.1 (1710423)|HEAP_ALLOCATE|[EXTERNAL]|Bytes:3
08:20:52.1 (1786102)|STATEMENT_EXECUTE|[1]
08:20:52.1 (1788920)|STATEMENT_EXECUTE|[1]
08:20:52.1 (1810897)|VARIABLE_ASSIGNMENT|[1]|fakeId|null
08:20:52.1 (1816595)|STATEMENT_EXECUTE|[2]
08:20:52.1 (1878182)|HEAP_ALLOCATE|[50]|Bytes:5
08:20:52.1 (1897782)|HEAP_ALLOCATE|[56]|Bytes:5
08:20:52.1 (1906426)|HEAP_ALLOCATE|[64]|Bytes:7
08:20:52.1 (1923050)|SYSTEM_MODE_ENTER|false
08:20:52.1 (1939333)|HEAP_ALLOCATE|[2]|Bytes:5
08:20:52.1 (10051672)|HEAP_ALLOCATE|[2]|Bytes:1
08:20:52.1 (10087209)|METHOD_ENTRY|[1]|01p6A00000HfnNZ|MyContactListController.MyContactListController()
08:20:52.1 (10097790)|STATEMENT_EXECUTE|[1]
08:20:52.1 (10104184)|STATEMENT_EXECUTE|[1]
08:20:52.1 (10116390)|HEAP_ALLOCATE|[2]|Bytes:5
08:20:52.1 (10128288)|METHOD_EXIT|[1]|MyContactListController
08:20:52.1 (10159455)|METHOD_ENTRY|[2]|01p6A00000HfnNZ|MyContactListController.getContacts(Id)
08:20:52.1 (10191097)|VARIABLE_SCOPE_BEGIN|[3]|recordId|Id|false|false
08:20:52.1 (10205380)|VARIABLE_ASSIGNMENT|[3]|recordId|null
08:20:52.1 (10216611)|HEAP_ALLOCATE|[4]|Bytes:5
08:20:52.1 (10221900)|STATEMENT_EXECUTE|[3]
08:20:52.1 (10223588)|STATEMENT_EXECUTE|[4]
08:20:52.1 (10227212)|HEAP_ALLOCATE|[4]|Bytes:84
08:20:52.1 (10249293)|HEAP_ALLOCATE|[4]|Bytes:4
08:20:52.1 (10263674)|HEAP_ALLOCATE|[4]|Bytes:7
08:20:52.1 (10589835)|SOQL_EXECUTE_BEGIN|[4]|Aggregations:0|SELECT Id, FirstName, LastName, Email, Phone FROM Contact WHERE AccountId = :tmpVar1
08:20:52.1 (19932180)|SOQL_EXECUTE_END|[4]|Rows:0
08:20:52.1 (19963686)|HEAP_ALLOCATE|[4]|Bytes:4
08:20:52.1 (19976812)|HEAP_ALLOCATE|[4]|Bytes:0
08:20:52.1 (20008546)|HEAP_ALLOCATE|[4]|Bytes:4
08:20:52.1 (20026282)|METHOD_EXIT|[2]|01p6A00000HfnNZ|MyContactListController.getContacts(Id)
08:20:52.1 (20034942)|SYSTEM_MODE_EXIT|false
08:20:52.1 (20068128)|VARIABLE_ASSIGNMENT|[2]|contacts|[]|0x3da646c6
08:20:52.20 (20108181)|CUMULATIVE_LIMIT_USAGE
08:20:52.20 (20108181)|LIMIT_USAGE_FOR_NS|(default)|
  Number of SOQL queries: 1 out of 100
  Number of query rows: 0 out of 50000
  Number of SOSL queries: 0 out of 20
  Number of DML statements: 0 out of 150
  Number of DML rows: 0 out of 10000
  Maximum CPU time: 0 out of 10000
  Maximum heap size: 0 out of 6000000
  Number of callouts: 0 out of 100
  Number of Email Invocations: 0 out of 10
  Number of future calls: 0 out of 50
  Number of queueable jobs added to the queue: 0 out of 50
  Number of Mobile Apex push calls: 0 out of 10

08:20:52.20 (20108181)|CUMULATIVE_LIMIT_USAGE_END

08:20:52.1 (20148079)|CODE_UNIT_FINISHED|execute_anonymous_apex
08:20:52.1 (21250548)|EXECUTION_FINISHED
