00:33:36 **** Build of configuration Default for project Test_GenericMakefile2 ****
make all 

* Compiling: src/f1.cpp -> obj/f1.og++  -c -o obj/f1.o src/f1.cpp 
	 Compile time: 00:00:00

* Compiling: src/f3.cpp -> obj/f3.og++  -c -o obj/f3.o src/f3.cpp 
	 Compile time: 00:00:00

* Compiling: src/f2.cpp -> obj/f2.og++  -c -o obj/f2.o src/f2.cpp 
	 Compile time: 00:00:00

* Compiling: src/hello.cpp -> obj/hello.og++  -c -o obj/hello.o src/hello.cpp 
	 Compile time: 00:00:00

* Compiling: src/f4.cpp -> obj/f4.og++  -c -o obj/f4.o src/f4.cpp 
	 Compile time: 00:00:00

* Linking: test-execg++  -o test-exec obj/f1.o obj/f3.o obj/f2.o obj/hello.o obj/f4.o     
	 Link time: 00:00:01
00:34:36 **** Incremental Build of configuration Debug for project CsvCpp ****
make all 
make: Nothing to be done for 'all'.
00:35:19 **** Incremental Build of configuration Debug for project CsvCpp ****
make all 
make: Nothing to be done for 'all'.
00:36:29 **** Incremental Build of configuration Debug for project CsvCpp ****
make all 
make: Nothing to be done for 'all'.
00:38:44 **** Incremental Build of configuration Default for project Test_GenericMakefile2 ****
make all 
make: Nothing to be done for 'all'.
00:38:58 **** Incremental Build of configuration Default for project Test_GenericMakefile2 ****
make all 
make: Nothing to be done for 'all'.
