36.0 APEX_CODE,FINEST;APEX_PROFILING,INFO;CALLOUT,INFO;DB,INFO;SYSTEM,DEBUG;VALIDATION,INFO;VISUALFORCE,INFO;WAVE,INFO;WORKFLOW,INFO
Execute Anonymous: HelloWorld.test();
15:21:37.3 (3334568)|USER_INFO|[EXTERNAL]|005f4000002Yjy1|anderson.paschoalon@brave-badger-193468.com|Fuso horário de Brasília|GMT-03:00
15:21:37.3 (3377737)|EXECUTION_STARTED
15:21:37.3 (3382966)|CODE_UNIT_STARTED|[EXTERNAL]|execute_anonymous_apex
15:21:37.3 (3634605)|HEAP_ALLOCATE|[72]|Bytes:3
15:21:37.3 (3672515)|HEAP_ALLOCATE|[77]|Bytes:152
15:21:37.3 (3694453)|HEAP_ALLOCATE|[342]|Bytes:408
15:21:37.3 (3721770)|HEAP_ALLOCATE|[355]|Bytes:408
15:21:37.3 (3742912)|HEAP_ALLOCATE|[467]|Bytes:48
15:21:37.3 (3772138)|HEAP_ALLOCATE|[139]|Bytes:6
15:21:37.3 (3794773)|HEAP_ALLOCATE|[EXTERNAL]|Bytes:1
15:21:37.3 (3858498)|STATEMENT_EXECUTE|[1]
15:21:37.3 (3861327)|STATEMENT_EXECUTE|[1]
15:21:37.3 (3923885)|HEAP_ALLOCATE|[50]|Bytes:5
15:21:37.3 (3942713)|HEAP_ALLOCATE|[56]|Bytes:5
15:21:37.3 (3952705)|HEAP_ALLOCATE|[64]|Bytes:7
15:21:37.3 (3980512)|SYSTEM_MODE_ENTER|false
15:21:37.3 (3994985)|HEAP_ALLOCATE|[1]|Bytes:5
15:21:37.3 (12923208)|HEAP_ALLOCATE|[1]|Bytes:1
15:21:37.3 (12944097)|HEAP_ALLOCATE|[1]|Bytes:1
15:21:37.3 (12971496)|METHOD_ENTRY|[1]|01pf400000HBzb4|HelloWorld.HelloWorld()
15:21:37.3 (12988814)|STATEMENT_EXECUTE|[1]
15:21:37.3 (12996135)|STATEMENT_EXECUTE|[1]
15:21:37.3 (13004208)|METHOD_EXIT|[1]|HelloWorld
15:21:37.3 (13039713)|METHOD_ENTRY|[1]|01pf400000HBzb4|HelloWorld.test()
15:21:37.3 (13101231)|STATEMENT_EXECUTE|[3]
15:21:37.3 (13108353)|STATEMENT_EXECUTE|[4]
15:21:37.3 (13113726)|HEAP_ALLOCATE|[4]|Bytes:14
15:21:37.3 (13202249)|USER_DEBUG|[4]|DEBUG|[Test]: Hellow
15:21:37.3 (13230504)|METHOD_EXIT|[1]|01pf400000HBzb4|HelloWorld.test()
15:21:37.3 (13247384)|SYSTEM_MODE_EXIT|false
15:21:37.13 (13281066)|CUMULATIVE_LIMIT_USAGE
15:21:37.13 (13281066)|LIMIT_USAGE_FOR_NS|(default)|
  Number of SOQL queries: 0 out of 100
  Number of query rows: 0 out of 50000
  Number of SOSL queries: 0 out of 20
  Number of DML statements: 0 out of 150
  Number of DML rows: 0 out of 10000
  Maximum CPU time: 0 out of 10000
  Maximum heap size: 0 out of 6000000
  Number of callouts: 0 out of 100
  Number of Email Invocations: 0 out of 10
  Number of future calls: 0 out of 50
  Number of queueable jobs added to the queue: 0 out of 50
  Number of Mobile Apex push calls: 0 out of 10

15:21:37.13 (13281066)|CUMULATIVE_LIMIT_USAGE_END

15:21:37.3 (13321625)|CODE_UNIT_FINISHED|execute_anonymous_apex
15:21:37.3 (14645733)|EXECUTION_FINISHED
