36.0 APEX_CODE,FINEST;APEX_PROFILING,INFO;CALLOUT,INFO;DB,INFO;SYSTEM,DEBUG;VALIDATION,INFO;VISUALFORCE,INFO;WAVE,INFO;WORKFLOW,INFO
Execute Anonymous: HelloWorld.test();
16:27:19.1 (1624380)|USER_INFO|[EXTERNAL]|005f4000002Yjy1|anderson.paschoalon@brave-badger-193468.com|Fuso horário de Brasília|GMT-03:00
16:27:19.1 (1645982)|EXECUTION_STARTED
16:27:19.1 (1650098)|CODE_UNIT_STARTED|[EXTERNAL]|execute_anonymous_apex
16:27:19.1 (1876396)|HEAP_ALLOCATE|[72]|Bytes:3
16:27:19.1 (1939159)|HEAP_ALLOCATE|[77]|Bytes:152
16:27:19.1 (1970410)|HEAP_ALLOCATE|[342]|Bytes:408
16:27:19.1 (1994915)|HEAP_ALLOCATE|[355]|Bytes:408
16:27:19.1 (2011284)|HEAP_ALLOCATE|[467]|Bytes:48
16:27:19.1 (2043664)|HEAP_ALLOCATE|[139]|Bytes:6
16:27:19.1 (2067585)|HEAP_ALLOCATE|[EXTERNAL]|Bytes:1
16:27:19.1 (2170748)|STATEMENT_EXECUTE|[1]
16:27:19.1 (2173525)|STATEMENT_EXECUTE|[1]
16:27:19.1 (2230182)|HEAP_ALLOCATE|[50]|Bytes:5
16:27:19.1 (2262751)|HEAP_ALLOCATE|[56]|Bytes:5
16:27:19.1 (2272372)|HEAP_ALLOCATE|[64]|Bytes:7
16:27:19.1 (2297574)|SYSTEM_MODE_ENTER|false
16:27:19.1 (2490776)|HEAP_ALLOCATE|[1]|Bytes:5
16:27:19.1 (3664382)|HEAP_ALLOCATE|[1]|Bytes:1
16:27:19.1 (3674308)|HEAP_ALLOCATE|[1]|Bytes:1
16:27:19.1 (3705708)|METHOD_ENTRY|[1]|01pf400000HBzb4|HelloWorld.HelloWorld()
16:27:19.1 (3712409)|STATEMENT_EXECUTE|[1]
16:27:19.1 (3717694)|STATEMENT_EXECUTE|[1]
16:27:19.1 (3732579)|METHOD_EXIT|[1]|HelloWorld
16:27:19.1 (3764181)|METHOD_ENTRY|[1]|01pf400000HBzb4|HelloWorld.test()
16:27:19.1 (3797410)|STATEMENT_EXECUTE|[3]
16:27:19.1 (3799597)|STATEMENT_EXECUTE|[4]
16:27:19.1 (3802736)|HEAP_ALLOCATE|[4]|Bytes:14
16:27:19.1 (3872223)|USER_DEBUG|[4]|DEBUG|[Test]: Hellow
16:27:19.1 (3908787)|METHOD_EXIT|[1]|01pf400000HBzb4|HelloWorld.test()
16:27:19.1 (3919092)|SYSTEM_MODE_EXIT|false
16:27:19.3 (3946117)|CUMULATIVE_LIMIT_USAGE
16:27:19.3 (3946117)|LIMIT_USAGE_FOR_NS|(default)|
  Number of SOQL queries: 0 out of 100
  Number of query rows: 0 out of 50000
  Number of SOSL queries: 0 out of 20
  Number of DML statements: 0 out of 150
  Number of DML rows: 0 out of 10000
  Maximum CPU time: 0 out of 10000
  Maximum heap size: 0 out of 6000000
  Number of callouts: 0 out of 100
  Number of Email Invocations: 0 out of 10
  Number of future calls: 0 out of 50
  Number of queueable jobs added to the queue: 0 out of 50
  Number of Mobile Apex push calls: 0 out of 10

16:27:19.3 (3946117)|CUMULATIVE_LIMIT_USAGE_END

16:27:19.1 (3974072)|CODE_UNIT_FINISHED|execute_anonymous_apex
16:27:19.1 (5274842)|EXECUTION_FINISHED
