42.0 APEX_CODE,FINEST;APEX_PROFILING,INFO;CALLOUT,INFO;DB,INFO;SYSTEM,DEBUG;VALIDATION,INFO;VISUALFORCE,INFO;WAVE,INFO;WORKFLOW,INFO
Execute Anonymous: UpdatePageLayout upl = new UpdatePageLayout();
Execute Anonymous: System.debug('[test]:diplay data:'+upl.buildLayout());
16:25:53.1 (1502562)|USER_INFO|[EXTERNAL]|005f4000002Yjy1|anderson.paschoalon@brave-badger-193468.com|Fuso horário de Brasília|GMT-03:00
16:25:53.1 (1524960)|EXECUTION_STARTED
16:25:53.1 (1528807)|CODE_UNIT_STARTED|[EXTERNAL]|execute_anonymous_apex
16:25:53.1 (12824128)|VARIABLE_SCOPE_BEGIN|[1]|upl|UpdatePageLayout|true|false
16:25:53.1 (12924323)|HEAP_ALLOCATE|[72]|Bytes:3
16:25:53.1 (12954716)|HEAP_ALLOCATE|[77]|Bytes:152
16:25:53.1 (12966213)|HEAP_ALLOCATE|[342]|Bytes:408
16:25:53.1 (12977538)|HEAP_ALLOCATE|[355]|Bytes:408
16:25:53.1 (12988002)|HEAP_ALLOCATE|[467]|Bytes:48
16:25:53.1 (13010804)|HEAP_ALLOCATE|[139]|Bytes:6
16:25:53.1 (13026530)|HEAP_ALLOCATE|[EXTERNAL]|Bytes:3
16:25:53.1 (13055871)|STATEMENT_EXECUTE|[1]
16:25:53.1 (13058489)|STATEMENT_EXECUTE|[1]
16:25:53.1 (13062271)|HEAP_ALLOCATE|[1]|Bytes:3
16:25:53.1 (13067242)|HEAP_ALLOCATE|[1]|Bytes:5
16:25:53.1 (13095769)|METHOD_ENTRY|[1]|01pf400000HCPqv|UpdatePageLayout.UpdatePageLayout()
16:25:53.1 (13102527)|STATEMENT_EXECUTE|[1]
16:25:53.1 (13106172)|STATEMENT_EXECUTE|[1]
16:25:53.1 (13134854)|HEAP_ALLOCATE|[50]|Bytes:5
16:25:53.1 (13151350)|HEAP_ALLOCATE|[56]|Bytes:5
16:25:53.1 (13158739)|HEAP_ALLOCATE|[64]|Bytes:7
16:25:53.1 (13178513)|SYSTEM_MODE_ENTER|false
16:25:53.1 (13190884)|HEAP_ALLOCATE|[1]|Bytes:5
16:25:53.1 (13197840)|SYSTEM_MODE_EXIT|false
16:25:53.1 (13206300)|METHOD_EXIT|[1]|UpdatePageLayout
16:25:53.1 (13218183)|HEAP_ALLOCATE|[1]|Bytes:4
16:25:53.1 (13240508)|SYSTEM_MODE_ENTER|false
16:25:53.1 (13250184)|HEAP_ALLOCATE|[1]|Bytes:5
16:25:53.1 (13260084)|CONSTRUCTOR_ENTRY|[1]|01pf400000HCPqv|<init>()
16:25:53.1 (13282253)|VARIABLE_SCOPE_BEGIN|[2]|this|UpdatePageLayout|true|false
16:25:53.1 (13340347)|VARIABLE_ASSIGNMENT|[2]|this|{}|0x1a543764
16:25:53.1 (13355518)|HEAP_ALLOCATE|[EXTERNAL]|Bytes:5
16:25:53.1 (13360045)|STATEMENT_EXECUTE|[1]
16:25:53.1 (13364750)|HEAP_ALLOCATE|[EXTERNAL]|Bytes:5
16:25:53.1 (13372912)|HEAP_ALLOCATE|[EXTERNAL]|Bytes:6
16:25:53.1 (13400997)|STATEMENT_EXECUTE|[2]
16:25:53.1 (13407385)|CONSTRUCTOR_EXIT|[1]|01pf400000HCPqv|<init>()
16:25:53.1 (13414067)|SYSTEM_MODE_EXIT|false
16:25:53.1 (13431239)|VARIABLE_ASSIGNMENT|[1]|upl|{}|0x1a543764
16:25:53.1 (13437217)|STATEMENT_EXECUTE|[2]
16:25:53.1 (13440562)|HEAP_ALLOCATE|[2]|Bytes:19
16:25:53.1 (13464990)|SYSTEM_MODE_ENTER|false
16:25:53.1 (13472767)|HEAP_ALLOCATE|[2]|Bytes:5
16:25:53.1 (13495980)|METHOD_ENTRY|[2]|01pf400000HCPqv|UpdatePageLayout.buildLayout()
16:25:53.1 (13565360)|VARIABLE_SCOPE_BEGIN|[5]|this|UpdatePageLayout|true|false
16:25:53.1 (13581597)|VARIABLE_ASSIGNMENT|[5]|this|{}|0x1a543764
16:25:53.1 (13596074)|HEAP_ALLOCATE|[9]|Bytes:5
16:25:53.1 (13600830)|STATEMENT_EXECUTE|[5]
16:25:53.1 (13602544)|STATEMENT_EXECUTE|[8]
16:25:53.1 (13675612)|HEAP_ALLOCATE|[10]|Bytes:4
16:25:53.1 (13722794)|HEAP_ALLOCATE|[10]|Bytes:22
16:25:53.1 (13765975)|HEAP_ALLOCATE|[9]|Bytes:3
16:25:53.1 (13777519)|SYSTEM_METHOD_ENTRY|[1]|Operations.Operations()
16:25:53.1 (13781629)|STATEMENT_EXECUTE|[1]
16:25:53.1 (13787122)|SYSTEM_METHOD_EXIT|[1]|Operations
16:25:53.1 (13806667)|METHOD_ENTRY|[9]||Metadata.Operations.retrieve(Metadata.MetadataType, List<String>)
16:25:53.1 (117014440)|METHOD_EXIT|[9]||Metadata.Operations.retrieve(Metadata.MetadataType, List<String>)
16:25:53.1 (117032902)|VARIABLE_SCOPE_BEGIN|[8]|layouts|List<Metadata.Metadata>|true|false
16:25:53.1 (117134292)|VARIABLE_ASSIGNMENT|[8]|layouts|[{"emailDefault":false,"headers":"0x43d57803","layoutSections":"0x7f5ffb50","quickActionList":"0x7d426d3","relatedContent":"0x3e4bf616","relatedLists":"0x56b684bc","relatedObjects":"0x56b36041","runAssignmentRulesDe (5 more) ...":false,"showEmailCheckbox":true,"showHighlightsPanel":false,"showInteractionLogPa (3 more) ...":false,"showRunAssignmentRul (10 more) ...":true,"showSubmitAndAttachB (5 more) ...":false,"fullName":"Account-Account Layo (2 more) ..."}]|0x70f736fa
16:25:53.1 (117150354)|STATEMENT_EXECUTE|[11]
16:25:53.1 (117209586)|HEAP_ALLOCATE|[11]|Bytes:100
16:25:53.1 (117226894)|VARIABLE_SCOPE_BEGIN|[11]|layoutMd|Metadata.Layout|true|false
16:25:53.1 (117279208)|VARIABLE_ASSIGNMENT|[11]|layoutMd|{"emailDefault":false,"headers":"0x43d57803","layoutSections":"0x7f5ffb50","quickActionList":"0x7d426d3","relatedContent":"0x3e4bf616","relatedLists":"0x56b684bc","relatedObjects":"0x56b36041","runAssignmentRulesDe (5 more) ...":false,"showEmailCheckbox":true,"showHighlightsPanel":false,"showInteractionLogPa (3 more) ...":false,"showRunAssignmentRul (10 more) ...":true,"showSubmitAndAttachB (5 more) ...":false,"fullName":"Account-Account Layo (2 more) ..."}|0x116d95b4
16:25:53.1 (117290800)|STATEMENT_EXECUTE|[12]
16:25:53.1 (117294996)|VARIABLE_SCOPE_BEGIN|[12]|layoutSectionToEdit|Metadata.LayoutSection|true|false
16:25:53.1 (117308255)|VARIABLE_ASSIGNMENT|[12]|layoutSectionToEdit|null|
16:25:53.1 (117314736)|STATEMENT_EXECUTE|[13]
16:25:53.1 (117369873)|VARIABLE_SCOPE_BEGIN|[13]|layoutSections|List<Metadata.LayoutSection>|true|false
16:25:53.1 (117384220)|VARIABLE_ASSIGNMENT|[13]|layoutSections|"List of size 6 too large to display"|0x7f5ffb50
16:25:53.1 (117615021)|HEAP_ALLOCATE|[14]|Bytes:5
16:25:53.1 (117640846)|HEAP_ALLOCATE|[14]|Bytes:28
16:25:53.1 (117653556)|VARIABLE_SCOPE_BEGIN|[14]|section|Metadata.LayoutSection|true|false
16:25:53.1 (117699520)|VARIABLE_ASSIGNMENT|[14]|section|{"customLabel":false,"detailHeading":false,"editHeading":true,"label":"Account Information","layoutColumns":"0xad4eda7","style":"0x1ada9ac4"}|0x21b9beeb
16:25:53.1 (117712987)|STATEMENT_EXECUTE|[14]
16:25:53.1 (117766163)|HEAP_ALLOCATE|[16]|Bytes:19
16:25:53.1 (117813381)|STATEMENT_EXECUTE|[16]
16:25:53.1 (117816448)|STATEMENT_EXECUTE|[17]
16:25:53.1 (117849954)|VARIABLE_ASSIGNMENT|[17]|layoutSectionToEdit|{"customLabel":false,"detailHeading":false,"editHeading":true,"label":"Account Information","layoutColumns":"0xad4eda7","style":"0x1ada9ac4"}|0x21b9beeb
16:25:53.1 (117862625)|STATEMENT_EXECUTE|[18]
16:25:53.1 (117870392)|VARIABLE_ASSIGNMENT|[14]|section|null|
16:25:53.1 (117877717)|STATEMENT_EXECUTE|[23]
16:25:53.1 (117882464)|HEAP_ALLOCATE|[23]|Bytes:16
16:25:53.1 (118945982)|HEAP_ALLOCATE|[23]|Bytes:12255
16:25:53.1 (118978278)|HEAP_ALLOCATE|[23]|Bytes:12271
16:25:53.1 (118996557)|USER_DEBUG|[23]|DEBUG|[test]-layoutMd=Layout:[Metadata.fullName=Account-Account Layout, customButtons=null, customConsoleComponents=null, emailDefault=false, excludeButtons=null, feedLayout=null, headers=(PersonalTagging, PublicTagging), layoutSections=(LayoutSection:[customLabel=false, detailHeading=false, editHeading=true, label=Account Information, layoutColumns=(LayoutColumn:[layoutItems=(LayoutItem:[analyticsCloudComponent=null, behavior=Edit, canvas=null, component=null, customLink=null, emptySpace=null, field=OwnerId, height=null, page_x=null, reportChartComponent=null, scontrol=null, showLabel=null, showScrollbars=null, width=null], LayoutItem:[analyticsCloudComponent=null, behavior=Required, canvas=null, component=null, customLink=null, emptySpace=null, field=Name, height=null, page_x=null, reportChartComponent=null, scontrol=null, showLabel=null, showScrollbars=null, width=null], LayoutItem:[analyticsCloudComponent=null, behavior=Edit, canvas=null, component=null, customLink=null, emptySpace=null, field=ParentId, height=null, page_x=null, reportChartComponent=null, scontrol=null, showLabel=null, showScrollbars=null, width=null], LayoutItem:[analyticsCloudComponent=null, behavior=Edit, canvas=null, component=null, customLink=null, emptySpace=null, field=AccountNumber, height=null, page_x=null, reportChartComponent=null, scontrol=null, showLabel=null, showScrollbars=null, width=null], LayoutItem:[analyticsCloudComponent=null, behavior=Edit, canvas=null, component=null, customLink=null, emptySpace=null, field=Site, height=null, page_x=null, reportChartComponent=null, scontrol=null, showLabel=null, showScrollbars=null, width=null], LayoutItem:[analyticsCloudComponent=null, behavior=Edit, canvas=null, component=null, customLink=null, emptySpace=null, field=Type, height=null, page_x=null, reportChartComponent=null, scontrol=null, showLabel=null, showScrollbars=null, width=null], LayoutItem:[analyticsCloudComponent=null, behavior=Edit, canvas=null, component=null, customLink=null, emptySpace=null, field=Industry, height=null, page_x=null, reportChartComponent=null, scontrol=null, showLabel=null, showScrollbars=null, width=null], LayoutItem:[analyticsCloudComponent=null, behavior=Edit, canvas=null, component=null, customLink=null, emptySpace=null, field=AnnualRevenue, height=null, page_x=null, reportChartComponent=null, scontrol=null, showLabel=null, showScrollbars=null, width=null], LayoutItem:[analyticsCloudComponent=null, behavior=Edit, canvas=null, component=null, customLink=null, emptySpace=null, field=Minimum_Support_Level__c, height=null, page_x=null, reportChartComponent=null, scontrol=null, showLabel=null, showScrollbars=null, width=null]), reserved=null], LayoutColumn:[layoutItems=(LayoutItem:[analyticsCloudComponent=null, behavior=Edit, canvas=null, component=null, customLink=null, emptySpace=null, field=Rating, height=null, page_x=null, reportChartComponent=null, scontrol=null, showLabel=null, showScrollbars=null, width=null], LayoutItem:[analyticsCloudComponent=null, behavior=Edit, canvas=null, component=null, customLink=null, emptySpace=null, field=Phone, height=null, page_x=null, reportChartComponent=null, scontrol=null, showLabel=null, showScrollbars=null, width=null], LayoutItem:[analyticsCloudComponent=null, behavior=Edit, canvas=null, component=null, customLink=null, emptySpace=null, field=Fax, height=null, page_x=null, reportChartComponent=null, scontrol=null, showLabel=null, showScrollbars=null, width=null], LayoutItem:[analyticsCloudComponent=null, behavior=Edit, canvas=null, component=null, customLink=null, emptySpace=null, field=Website, height=null, page_x=null, reportChartComponent=null, scontrol=null, showLabel=null, showScrollbars=null, width=null], LayoutItem:[analyticsCloudComponent=null, behavior=Edit, canvas=null, component=null, customLink=null, emptySpace=null, field=TickerSymbol, height=null, page_x=null, reportChartComponent=null, scontrol=null, showLabel=null, showScrollbars=null, width=null], LayoutItem:[analyticsCloudComponent=null, behavior=Edit, canvas=null, component=null, customLink=null, emptySpace=null, field=Ownership, height=null, page_x=null, reportChartComponent=null, scontrol=null, showLabel=null, showScrollbars=null, width=null], LayoutItem:[analyticsCloudComponent=null, behavior=Edit, canvas=null, component=null, customLink=null, emptySpace=null, field=NumberOfEmployees, height=null, page_x=null, reportChartComponent=null, scontrol=null, showLabel=null, showScrollbars=null, width=null], LayoutItem:[analyticsCloudComponent=null, behavior=Edit, canvas=null, component=null, customLink=null, emptySpace=null, field=Sic, height=null, page_x=null, reportChartComponent=null, scontrol=null, showLabel=null, showScrollbars=null, width=null]), reserved=null]), style=TwoColumnsTopToBottom], LayoutSection:[customLabel=false, detailHeading=false, editHeading=true, label=Address Information, layoutColumns=(LayoutColumn:[layoutItems=(LayoutItem:[analyticsCloudComponent=null, behavior=Edit, canvas=null, component=null, customLink=null, emptySpace=null, field=BillingAddress, height=null, page_x=null, reportChartComponent=null, scontrol=null, showLabel=null, showScrollbars=null, width=null]), reserved=null], LayoutColumn:[layoutItems=(LayoutItem:[analyticsCloudComponent=null, behavior=Edit, canvas=null, component=null, customLink=null, emptySpace=null, field=ShippingAddress, height=null, page_x=null, reportChartComponent=null, scontrol=null, showLabel=null, showScrollbars=null, width=null]), reserved=null]), style=TwoColumnsTopToBottom], LayoutSection:[customLabel=false, detailHeading=false, editHeading=true, label=Additional Information, layoutColumns=(LayoutColumn:[layoutItems=(LayoutItem:[analyticsCloudComponent=null, behavior=Edit, canvas=null, component=null, customLink=null, emptySpace=null, field=CustomerPriority__c, height=null, page_x=null, reportChartComponent=null, scontrol=null, showLabel=null, showScrollbars=null, width=null], LayoutItem:[analyticsCloudComponent=null, behavior=Edit, canvas=null, component=null, customLink=null, emptySpace=null, field=SLAExpirationDate__c, height=null, page_x=null, reportChartComponent=null, scontrol=null, showLabel=null, showScrollbars=null, width=null], LayoutItem:[analyticsCloudComponent=null, behavior=Edit, canvas=null, component=null, customLink=null, emptySpace=null, field=NumberofLocations__c, height=null, page_x=null, reportChartComponent=null, scontrol=null, showLabel=null, showScrollbars=null, width=null], LayoutItem:[analyticsCloudComponent=null, behavior=Edit, canvas=null, component=null, customLink=null, emptySpace=null, field=Active__c, height=null, page_x=null, reportChartComponent=null, scontrol=null, showLabel=null, showScrollbars=null, width=null]), reserved=null], LayoutColumn:[layoutItems=(LayoutItem:[analyticsCloudComponent=null, behavior=Edit, canvas=null, component=null, customLink=null, emptySpace=null, field=SLA__c, height=null, page_x=null, reportChartComponent=null, scontrol=null, showLabel=null, showScrollbars=null, width=null], LayoutItem:[analyticsCloudComponent=null, behavior=Edit, canvas=null, component=null, customLink=null, emptySpace=null, field=SLASerialNumber__c, height=null, page_x=null, reportChartComponent=null, scontrol=null, showLabel=null, showScrollbars=null, width=null], LayoutItem:[analyticsCloudComponent=null, behavior=Edit, canvas=null, component=null, customLink=null, emptySpace=null, field=UpsellOpportunity__c, height=null, page_x=null, reportChartComponent=null, scontrol=null, showLabel=null, showScrollbars=null, width=null]), reserved=null]), style=TwoColumnsLeftToRight], LayoutSection:[customLabel=false, detailHeading=false, editHeading=true, label=System Information, layoutColumns=(LayoutColumn:[layoutItems=(LayoutItem:[analyticsCloudComponent=null, behavior=Readonly, canvas=null, component=null, customLink=null, emptySpace=null, field=CreatedById, height=null, page_x=null, reportChartComponent=null, scontrol=null, showLabel=null, showScrollbars=null, width=null]), reserved=null], LayoutColumn:[layoutItems=(LayoutItem:[analyticsCloudComponent=null, behavior=Readonly, canvas=null, component=null, customLink=null, emptySpace=null, field=LastModifiedById, height=null, page_x=null, reportChartComponent=null, scontrol=null, showLabel=null, showScrollbars=null, width=null]), reserved=null]), style=TwoColumnsTopToBottom], LayoutSection:[customLabel=false, detailHeading=false, editHeading=true, label=Description Information, layoutColumns=(LayoutColumn:[layoutItems=(LayoutItem:[analyticsCloudComponent=null, behavior=Edit, canvas=null, component=null, customLink=null, emptySpace=null, field=Description, height=null, page_x=null, reportChartComponent=null, scontrol=null, showLabel=null, showScrollbars=null, width=null]), reserved=null]), style=OneColumn], LayoutSection:[customLabel=false, detailHeading=false, editHeading=false, label=null, layoutColumns=(LayoutColumn:[layoutItems=(LayoutItem:[analyticsCloudComponent=null, behavior=null, canvas=null, component=null, customLink=Billing, emptySpace=null, field=null, height=null, page_x=null, reportChartComponent=null, scontrol=null, showLabel=null, showScrollbars=null, width=null]), reserved=null], LayoutColumn:[layoutItems=null, reserved=null], LayoutColumn:[layoutItems=null, reserved=null]), style=CustomLinks]), miniLayout=null, multilineLayoutFields=null, platformActionList=null, quickActionList=QuickActionList:[quickActionListItems=(QuickActionListItem:[quickActionName=FeedItem.TextPost], QuickActionListItem:[quickActionName=FeedItem.ContentPost], QuickActionListItem:[quickActionName=NewTask], QuickActionListItem:[quickActionName=NewContact], QuickActionListItem:[quickActionName=NewCase], QuickActionListItem:[quickActionName=LogACall], QuickActionListItem:[quickActionName=NewNote], QuickActionListItem:[quickActionName=NewOpportunity], QuickActionListItem:[quickActionName=NewEvent], QuickActionListItem:[quickActionName=FeedItem.RypplePost], ...)], relatedContent=RelatedContent:[relatedContentItems=(RelatedContentItem:[layoutItem=LayoutItem:[analyticsCloudComponent=null, behavior=null, canvas=null, component=runtime_sales_social:socialPanel, customLink=null, emptySpace=null, field=null, height=null, page_x=null, reportChartComponent=null, scontrol=null, showLabel=null, showScrollbars=null, width=null]])], relatedLists=(RelatedListItem:[customButtons=null, excludeButtons=null, fields=(FULL_NAME, CONTACT.TITLE, CONTACT.EMAIL, CONTACT.PHONE1), relatedList=RelatedContactList, sortField=null, sortOrder=null], RelatedListItem:[customButtons=null, excludeButtons=null, fields=(OPPORTUNITY.NAME, OPPORTUNITY.STAGE_NAME, OPPORTUNITY.AMOUNT, OPPORTUNITY.CLOSE_DATE), relatedList=RelatedOpportunityList, sortField=null, sortOrder=null], RelatedListItem:[customButtons=null, excludeButtons=null, fields=(CASES.CASE_NUMBER, NAME, CASES.SUBJECT, CASES.PRIORITY, CASES.CREATED_DATE_DATE_ONLY, CASES.STATUS, OWNER_NAME), relatedList=RelatedCaseList, sortField=null, sortOrder=null], RelatedListItem:[customButtons=null, excludeButtons=null, fields=(TASK.SUBJECT, TASK.WHO_NAME, TASK.WHAT_NAME, ACTIVITY.TASK, TASK.DUE_DATE, TASK.STATUS, TASK.PRIORITY, CORE.USERS.FULL_NAME), relatedList=RelatedActivityList, sortField=null, sortOrder=null], RelatedListItem:[customButtons=null, excludeButtons=null, fields=(TASK.SUBJECT, TASK.WHO_NAME, TASK.WHAT_NAME, ACTIVITY.TASK, TASK.DUE_DATE, CORE.USERS.FULL_NAME, TASK.LAST_UPDATE), relatedList=RelatedHistoryList, sortField=null, sortOrder=null], RelatedListItem:[customButtons=null, excludeButtons=null, fields=null, relatedList=RelatedNoteList, sortField=null, sortOrder=null], RelatedListItem:[customButtons=null, excludeButtons=null, fields=(ACCOUNT.NAME, OPPORTUNITY.NAME, PARTNER.ROLE), relatedList=RelatedPartnerList, sortField=null, sortOrder=null], RelatedListItem:[customButtons=null, excludeButtons=null, fields=(NAME), relatedList=Booking__c.Account_Booking__c, sortField=null, sortOrder=null]), relatedObjects=(ParentId), runAssignmentRulesDefault=false, showEmailCheckbox=true, showHighlightsPanel=false, showInteractionLogPanel=false, showKnowledgeComponent=null, showRunAssignmentRulesCheckbox=true, showSolutionSection=null, showSubmitAndAttachButton=false, summaryLayout=null]
16:25:53.1 (119159872)|STATEMENT_EXECUTE|[24]
16:25:53.1 (119165016)|HEAP_ALLOCATE|[24]|Bytes:27
16:25:53.1 (119544667)|HEAP_ALLOCATE|[24]|Bytes:4565
16:25:53.1 (119565094)|HEAP_ALLOCATE|[24]|Bytes:4592
16:25:53.1 (119574654)|USER_DEBUG|[24]|DEBUG|[test]-layoutSectionToEdit=LayoutSection:[customLabel=false, detailHeading=false, editHeading=true, label=Account Information, layoutColumns=(LayoutColumn:[layoutItems=(LayoutItem:[analyticsCloudComponent=null, behavior=Edit, canvas=null, component=null, customLink=null, emptySpace=null, field=OwnerId, height=null, page_x=null, reportChartComponent=null, scontrol=null, showLabel=null, showScrollbars=null, width=null], LayoutItem:[analyticsCloudComponent=null, behavior=Required, canvas=null, component=null, customLink=null, emptySpace=null, field=Name, height=null, page_x=null, reportChartComponent=null, scontrol=null, showLabel=null, showScrollbars=null, width=null], LayoutItem:[analyticsCloudComponent=null, behavior=Edit, canvas=null, component=null, customLink=null, emptySpace=null, field=ParentId, height=null, page_x=null, reportChartComponent=null, scontrol=null, showLabel=null, showScrollbars=null, width=null], LayoutItem:[analyticsCloudComponent=null, behavior=Edit, canvas=null, component=null, customLink=null, emptySpace=null, field=AccountNumber, height=null, page_x=null, reportChartComponent=null, scontrol=null, showLabel=null, showScrollbars=null, width=null], LayoutItem:[analyticsCloudComponent=null, behavior=Edit, canvas=null, component=null, customLink=null, emptySpace=null, field=Site, height=null, page_x=null, reportChartComponent=null, scontrol=null, showLabel=null, showScrollbars=null, width=null], LayoutItem:[analyticsCloudComponent=null, behavior=Edit, canvas=null, component=null, customLink=null, emptySpace=null, field=Type, height=null, page_x=null, reportChartComponent=null, scontrol=null, showLabel=null, showScrollbars=null, width=null], LayoutItem:[analyticsCloudComponent=null, behavior=Edit, canvas=null, component=null, customLink=null, emptySpace=null, field=Industry, height=null, page_x=null, reportChartComponent=null, scontrol=null, showLabel=null, showScrollbars=null, width=null], LayoutItem:[analyticsCloudComponent=null, behavior=Edit, canvas=null, component=null, customLink=null, emptySpace=null, field=AnnualRevenue, height=null, page_x=null, reportChartComponent=null, scontrol=null, showLabel=null, showScrollbars=null, width=null], LayoutItem:[analyticsCloudComponent=null, behavior=Edit, canvas=null, component=null, customLink=null, emptySpace=null, field=Minimum_Support_Level__c, height=null, page_x=null, reportChartComponent=null, scontrol=null, showLabel=null, showScrollbars=null, width=null]), reserved=null], LayoutColumn:[layoutItems=(LayoutItem:[analyticsCloudComponent=null, behavior=Edit, canvas=null, component=null, customLink=null, emptySpace=null, field=Rating, height=null, page_x=null, reportChartComponent=null, scontrol=null, showLabel=null, showScrollbars=null, width=null], LayoutItem:[analyticsCloudComponent=null, behavior=Edit, canvas=null, component=null, customLink=null, emptySpace=null, field=Phone, height=null, page_x=null, reportChartComponent=null, scontrol=null, showLabel=null, showScrollbars=null, width=null], LayoutItem:[analyticsCloudComponent=null, behavior=Edit, canvas=null, component=null, customLink=null, emptySpace=null, field=Fax, height=null, page_x=null, reportChartComponent=null, scontrol=null, showLabel=null, showScrollbars=null, width=null], LayoutItem:[analyticsCloudComponent=null, behavior=Edit, canvas=null, component=null, customLink=null, emptySpace=null, field=Website, height=null, page_x=null, reportChartComponent=null, scontrol=null, showLabel=null, showScrollbars=null, width=null], LayoutItem:[analyticsCloudComponent=null, behavior=Edit, canvas=null, component=null, customLink=null, emptySpace=null, field=TickerSymbol, height=null, page_x=null, reportChartComponent=null, scontrol=null, showLabel=null, showScrollbars=null, width=null], LayoutItem:[analyticsCloudComponent=null, behavior=Edit, canvas=null, component=null, customLink=null, emptySpace=null, field=Ownership, height=null, page_x=null, reportChartComponent=null, scontrol=null, showLabel=null, showScrollbars=null, width=null], LayoutItem:[analyticsCloudComponent=null, behavior=Edit, canvas=null, component=null, customLink=null, emptySpace=null, field=NumberOfEmployees, height=null, page_x=null, reportChartComponent=null, scontrol=null, showLabel=null, showScrollbars=null, width=null], LayoutItem:[analyticsCloudComponent=null, behavior=Edit, canvas=null, component=null, customLink=null, emptySpace=null, field=Sic, height=null, page_x=null, reportChartComponent=null, scontrol=null, showLabel=null, showScrollbars=null, width=null]), reserved=null]), style=TwoColumnsTopToBottom]
16:25:53.1 (119632090)|STATEMENT_EXECUTE|[27]
16:25:53.1 (119666004)|VARIABLE_SCOPE_BEGIN|[27]|layoutColumns|List<Metadata.LayoutColumn>|true|false
16:25:53.1 (119693063)|VARIABLE_ASSIGNMENT|[27]|layoutColumns|[{"layoutItems":"0x1fca07af"},{"layoutItems":"0x43e6de46"}]|0xad4eda7
16:25:53.1 (119699711)|STATEMENT_EXECUTE|[28]
16:25:53.1 (119738231)|HEAP_ALLOCATE|[28]|Bytes:12
16:25:53.1 (119765087)|VARIABLE_SCOPE_BEGIN|[28]|layoutItems|List<Metadata.LayoutItem>|true|false
16:25:53.1 (119809795)|VARIABLE_ASSIGNMENT|[28]|layoutItems|"List of size 9 too large to display"|0x1fca07af
16:25:53.1 (119816046)|STATEMENT_EXECUTE|[31]
16:25:53.1 (119822348)|HEAP_ALLOCATE|[31]|Bytes:60
16:25:53.1 (119833432)|CONSTRUCTOR_ENTRY|[31]||<init>()
16:25:53.1 (119894301)|VARIABLE_SCOPE_BEGIN|[31]|item|Metadata.LayoutItem|true|false
16:25:53.1 (119924564)|VARIABLE_ASSIGNMENT|[31]|item|{}|0x7ff3a0ab
16:25:53.1 (119930571)|STATEMENT_EXECUTE|[32]
16:25:53.1 (119984971)|STATEMENT_EXECUTE|[33]
16:25:53.1 (119989564)|HEAP_ALLOCATE|[33]|Bytes:34
16:25:53.1 (120028169)|STATEMENT_EXECUTE|[34]
16:25:53.1 (120064557)|HEAP_ALLOCATE|[EXTERNAL]|Bytes:4
16:25:53.1 (120074396)|STATEMENT_EXECUTE|[36]
16:25:53.1 (120084642)|METHOD_EXIT|[2]|01pf400000HCPqv|UpdatePageLayout.buildLayout()
16:25:53.1 (120091607)|SYSTEM_MODE_EXIT|false
16:25:53.1 (121109650)|HEAP_ALLOCATE|[2]|Bytes:12535
16:25:53.1 (121135957)|HEAP_ALLOCATE|[2]|Bytes:12554
16:25:53.1 (121148191)|USER_DEBUG|[2]|DEBUG|[test]:diplay data:Layout:[Metadata.fullName=Account-Account Layout, customButtons=null, customConsoleComponents=null, emailDefault=false, excludeButtons=null, feedLayout=null, headers=(PersonalTagging, PublicTagging), layoutSections=(LayoutSection:[customLabel=false, detailHeading=false, editHeading=true, label=Account Information, layoutColumns=(LayoutColumn:[layoutItems=(LayoutItem:[analyticsCloudComponent=null, behavior=Edit, canvas=null, component=null, customLink=null, emptySpace=null, field=OwnerId, height=null, page_x=null, reportChartComponent=null, scontrol=null, showLabel=null, showScrollbars=null, width=null], LayoutItem:[analyticsCloudComponent=null, behavior=Required, canvas=null, component=null, customLink=null, emptySpace=null, field=Name, height=null, page_x=null, reportChartComponent=null, scontrol=null, showLabel=null, showScrollbars=null, width=null], LayoutItem:[analyticsCloudComponent=null, behavior=Edit, canvas=null, component=null, customLink=null, emptySpace=null, field=ParentId, height=null, page_x=null, reportChartComponent=null, scontrol=null, showLabel=null, showScrollbars=null, width=null], LayoutItem:[analyticsCloudComponent=null, behavior=Edit, canvas=null, component=null, customLink=null, emptySpace=null, field=AccountNumber, height=null, page_x=null, reportChartComponent=null, scontrol=null, showLabel=null, showScrollbars=null, width=null], LayoutItem:[analyticsCloudComponent=null, behavior=Edit, canvas=null, component=null, customLink=null, emptySpace=null, field=Site, height=null, page_x=null, reportChartComponent=null, scontrol=null, showLabel=null, showScrollbars=null, width=null], LayoutItem:[analyticsCloudComponent=null, behavior=Edit, canvas=null, component=null, customLink=null, emptySpace=null, field=Type, height=null, page_x=null, reportChartComponent=null, scontrol=null, showLabel=null, showScrollbars=null, width=null], LayoutItem:[analyticsCloudComponent=null, behavior=Edit, canvas=null, component=null, customLink=null, emptySpace=null, field=Industry, height=null, page_x=null, reportChartComponent=null, scontrol=null, showLabel=null, showScrollbars=null, width=null], LayoutItem:[analyticsCloudComponent=null, behavior=Edit, canvas=null, component=null, customLink=null, emptySpace=null, field=AnnualRevenue, height=null, page_x=null, reportChartComponent=null, scontrol=null, showLabel=null, showScrollbars=null, width=null], LayoutItem:[analyticsCloudComponent=null, behavior=Edit, canvas=null, component=null, customLink=null, emptySpace=null, field=Minimum_Support_Level__c, height=null, page_x=null, reportChartComponent=null, scontrol=null, showLabel=null, showScrollbars=null, width=null], LayoutItem:[analyticsCloudComponent=null, behavior=Edit, canvas=null, component=null, customLink=null, emptySpace=null, field=AMAPI__Apex_MD_API_sample_field__c, height=null, page_x=null, reportChartComponent=null, scontrol=null, showLabel=null, showScrollbars=null, width=null]), reserved=null], LayoutColumn:[layoutItems=(LayoutItem:[analyticsCloudComponent=null, behavior=Edit, canvas=null, component=null, customLink=null, emptySpace=null, field=Rating, height=null, page_x=null, reportChartComponent=null, scontrol=null, showLabel=null, showScrollbars=null, width=null], LayoutItem:[analyticsCloudComponent=null, behavior=Edit, canvas=null, component=null, customLink=null, emptySpace=null, field=Phone, height=null, page_x=null, reportChartComponent=null, scontrol=null, showLabel=null, showScrollbars=null, width=null], LayoutItem:[analyticsCloudComponent=null, behavior=Edit, canvas=null, component=null, customLink=null, emptySpace=null, field=Fax, height=null, page_x=null, reportChartComponent=null, scontrol=null, showLabel=null, showScrollbars=null, width=null], LayoutItem:[analyticsCloudComponent=null, behavior=Edit, canvas=null, component=null, customLink=null, emptySpace=null, field=Website, height=null, page_x=null, reportChartComponent=null, scontrol=null, showLabel=null, showScrollbars=null, width=null], LayoutItem:[analyticsCloudComponent=null, behavior=Edit, canvas=null, component=null, customLink=null, emptySpace=null, field=TickerSymbol, height=null, page_x=null, reportChartComponent=null, scontrol=null, showLabel=null, showScrollbars=null, width=null], LayoutItem:[analyticsCloudComponent=null, behavior=Edit, canvas=null, component=null, customLink=null, emptySpace=null, field=Ownership, height=null, page_x=null, reportChartComponent=null, scontrol=null, showLabel=null, showScrollbars=null, width=null], LayoutItem:[analyticsCloudComponent=null, behavior=Edit, canvas=null, component=null, customLink=null, emptySpace=null, field=NumberOfEmployees, height=null, page_x=null, reportChartComponent=null, scontrol=null, showLabel=null, showScrollbars=null, width=null], LayoutItem:[analyticsCloudComponent=null, behavior=Edit, canvas=null, component=null, customLink=null, emptySpace=null, field=Sic, height=null, page_x=null, reportChartComponent=null, scontrol=null, showLabel=null, showScrollbars=null, width=null]), reserved=null]), style=TwoColumnsTopToBottom], LayoutSection:[customLabel=false, detailHeading=false, editHeading=true, label=Address Information, layoutColumns=(LayoutColumn:[layoutItems=(LayoutItem:[analyticsCloudComponent=null, behavior=Edit, canvas=null, component=null, customLink=null, emptySpace=null, field=BillingAddress, height=null, page_x=null, reportChartComponent=null, scontrol=null, showLabel=null, showScrollbars=null, width=null]), reserved=null], LayoutColumn:[layoutItems=(LayoutItem:[analyticsCloudComponent=null, behavior=Edit, canvas=null, component=null, customLink=null, emptySpace=null, field=ShippingAddress, height=null, page_x=null, reportChartComponent=null, scontrol=null, showLabel=null, showScrollbars=null, width=null]), reserved=null]), style=TwoColumnsTopToBottom], LayoutSection:[customLabel=false, detailHeading=false, editHeading=true, label=Additional Information, layoutColumns=(LayoutColumn:[layoutItems=(LayoutItem:[analyticsCloudComponent=null, behavior=Edit, canvas=null, component=null, customLink=null, emptySpace=null, field=CustomerPriority__c, height=null, page_x=null, reportChartComponent=null, scontrol=null, showLabel=null, showScrollbars=null, width=null], LayoutItem:[analyticsCloudComponent=null, behavior=Edit, canvas=null, component=null, customLink=null, emptySpace=null, field=SLAExpirationDate__c, height=null, page_x=null, reportChartComponent=null, scontrol=null, showLabel=null, showScrollbars=null, width=null], LayoutItem:[analyticsCloudComponent=null, behavior=Edit, canvas=null, component=null, customLink=null, emptySpace=null, field=NumberofLocations__c, height=null, page_x=null, reportChartComponent=null, scontrol=null, showLabel=null, showScrollbars=null, width=null], LayoutItem:[analyticsCloudComponent=null, behavior=Edit, canvas=null, component=null, customLink=null, emptySpace=null, field=Active__c, height=null, page_x=null, reportChartComponent=null, scontrol=null, showLabel=null, showScrollbars=null, width=null]), reserved=null], LayoutColumn:[layoutItems=(LayoutItem:[analyticsCloudComponent=null, behavior=Edit, canvas=null, component=null, customLink=null, emptySpace=null, field=SLA__c, height=null, page_x=null, reportChartComponent=null, scontrol=null, showLabel=null, showScrollbars=null, width=null], LayoutItem:[analyticsCloudComponent=null, behavior=Edit, canvas=null, component=null, customLink=null, emptySpace=null, field=SLASerialNumber__c, height=null, page_x=null, reportChartComponent=null, scontrol=null, showLabel=null, showScrollbars=null, width=null], LayoutItem:[analyticsCloudComponent=null, behavior=Edit, canvas=null, component=null, customLink=null, emptySpace=null, field=UpsellOpportunity__c, height=null, page_x=null, reportChartComponent=null, scontrol=null, showLabel=null, showScrollbars=null, width=null]), reserved=null]), style=TwoColumnsLeftToRight], LayoutSection:[customLabel=false, detailHeading=false, editHeading=true, label=System Information, layoutColumns=(LayoutColumn:[layoutItems=(LayoutItem:[analyticsCloudComponent=null, behavior=Readonly, canvas=null, component=null, customLink=null, emptySpace=null, field=CreatedById, height=null, page_x=null, reportChartComponent=null, scontrol=null, showLabel=null, showScrollbars=null, width=null]), reserved=null], LayoutColumn:[layoutItems=(LayoutItem:[analyticsCloudComponent=null, behavior=Readonly, canvas=null, component=null, customLink=null, emptySpace=null, field=LastModifiedById, height=null, page_x=null, reportChartComponent=null, scontrol=null, showLabel=null, showScrollbars=null, width=null]), reserved=null]), style=TwoColumnsTopToBottom], LayoutSection:[customLabel=false, detailHeading=false, editHeading=true, label=Description Information, layoutColumns=(LayoutColumn:[layoutItems=(LayoutItem:[analyticsCloudComponent=null, behavior=Edit, canvas=null, component=null, customLink=null, emptySpace=null, field=Description, height=null, page_x=null, reportChartComponent=null, scontrol=null, showLabel=null, showScrollbars=null, width=null]), reserved=null]), style=OneColumn], LayoutSection:[customLabel=false, detailHeading=false, editHeading=false, label=null, layoutColumns=(LayoutColumn:[layoutItems=(LayoutItem:[analyticsCloudComponent=null, behavior=null, canvas=null, component=null, customLink=Billing, emptySpace=null, field=null, height=null, page_x=null, reportChartComponent=null, scontrol=null, showLabel=null, showScrollbars=null, width=null]), reserved=null], LayoutColumn:[layoutItems=null, reserved=null], LayoutColumn:[layoutItems=null, reserved=null]), style=CustomLinks]), miniLayout=null, multilineLayoutFields=null, platformActionList=null, quickActionList=QuickActionList:[quickActionListItems=(QuickActionListItem:[quickActionName=FeedItem.TextPost], QuickActionListItem:[quickActionName=FeedItem.ContentPost], QuickActionListItem:[quickActionName=NewTask], QuickActionListItem:[quickActionName=NewContact], QuickActionListItem:[quickActionName=NewCase], QuickActionListItem:[quickActionName=LogACall], QuickActionListItem:[quickActionName=NewNote], QuickActionListItem:[quickActionName=NewOpportunity], QuickActionListItem:[quickActionName=NewEvent], QuickActionListItem:[quickActionName=FeedItem.RypplePost], ...)], relatedContent=RelatedContent:[relatedContentItems=(RelatedContentItem:[layoutItem=LayoutItem:[analyticsCloudComponent=null, behavior=null, canvas=null, component=runtime_sales_social:socialPanel, customLink=null, emptySpace=null, field=null, height=null, page_x=null, reportChartComponent=null, scontrol=null, showLabel=null, showScrollbars=null, width=null]])], relatedLists=(RelatedListItem:[customButtons=null, excludeButtons=null, fields=(FULL_NAME, CONTACT.TITLE, CONTACT.EMAIL, CONTACT.PHONE1), relatedList=RelatedContactList, sortField=null, sortOrder=null], RelatedListItem:[customButtons=null, excludeButtons=null, fields=(OPPORTUNITY.NAME, OPPORTUNITY.STAGE_NAME, OPPORTUNITY.AMOUNT, OPPORTUNITY.CLOSE_DATE), relatedList=RelatedOpportunityList, sortField=null, sortOrder=null], RelatedListItem:[customButtons=null, excludeButtons=null, fields=(CASES.CASE_NUMBER, NAME, CASES.SUBJECT, CASES.PRIORITY, CASES.CREATED_DATE_DATE_ONLY, CASES.STATUS, OWNER_NAME), relatedList=RelatedCaseList, sortField=null, sortOrder=null], RelatedListItem:[customButtons=null, excludeButtons=null, fields=(TASK.SUBJECT, TASK.WHO_NAME, TASK.WHAT_NAME, ACTIVITY.TASK, TASK.DUE_DATE, TASK.STATUS, TASK.PRIORITY, CORE.USERS.FULL_NAME), relatedList=RelatedActivityList, sortField=null, sortOrder=null], RelatedListItem:[customButtons=null, excludeButtons=null, fields=(TASK.SUBJECT, TASK.WHO_NAME, TASK.WHAT_NAME, ACTIVITY.TASK, TASK.DUE_DATE, CORE.USERS.FULL_NAME, TASK.LAST_UPDATE), relatedList=RelatedHistoryList, sortField=null, sortOrder=null], RelatedListItem:[customButtons=null, excludeButtons=null, fields=null, relatedList=RelatedNoteList, sortField=null, sortOrder=null], RelatedListItem:[customButtons=null, excludeButtons=null, fields=(ACCOUNT.NAME, OPPORTUNITY.NAME, PARTNER.ROLE), relatedList=RelatedPartnerList, sortField=null, sortOrder=null], RelatedListItem:[customButtons=null, excludeButtons=null, fields=(NAME), relatedList=Booking__c.Account_Booking__c, sortField=null, sortOrder=null]), relatedObjects=(ParentId), runAssignmentRulesDefault=false, showEmailCheckbox=true, showHighlightsPanel=false, showInteractionLogPanel=false, showKnowledgeComponent=null, showRunAssignmentRulesCheckbox=true, showSolutionSection=null, showSubmitAndAttachButton=false, summaryLayout=null]
16:25:53.121 (121323640)|CUMULATIVE_LIMIT_USAGE
16:25:53.121 (121323640)|LIMIT_USAGE_FOR_NS|(default)|
  Number of SOQL queries: 0 out of 100
  Number of query rows: 0 out of 50000
  Number of SOSL queries: 0 out of 20
  Number of DML statements: 0 out of 150
  Number of DML rows: 0 out of 10000
  Maximum CPU time: 0 out of 10000
  Maximum heap size: 0 out of 6000000
  Number of callouts: 0 out of 100
  Number of Email Invocations: 0 out of 10
  Number of future calls: 0 out of 50
  Number of queueable jobs added to the queue: 0 out of 50
  Number of Mobile Apex push calls: 0 out of 10

16:25:53.121 (121323640)|CUMULATIVE_LIMIT_USAGE_END

16:25:53.1 (121361744)|CODE_UNIT_FINISHED|execute_anonymous_apex
16:25:53.1 (123028071)|EXECUTION_FINISHED
