36.0 APEX_CODE,FINEST;APEX_PROFILING,INFO;CALLOUT,INFO;DB,INFO;SYSTEM,DEBUG;VALIDATION,INFO;VISUALFORCE,INFO;WAVE,INFO;WORKFLOW,INFO
Execute Anonymous: HelloWorld.test();
15:26:02.2 (2541688)|USER_INFO|[EXTERNAL]|005f4000002Yjy1|anderson.paschoalon@brave-badger-193468.com|Fuso horário de Brasília|GMT-03:00
15:26:02.2 (2569530)|EXECUTION_STARTED
15:26:02.2 (2574411)|CODE_UNIT_STARTED|[EXTERNAL]|execute_anonymous_apex
15:26:02.2 (2774606)|HEAP_ALLOCATE|[72]|Bytes:3
15:26:02.2 (2814386)|HEAP_ALLOCATE|[77]|Bytes:152
15:26:02.2 (2832747)|HEAP_ALLOCATE|[342]|Bytes:408
15:26:02.2 (2852943)|HEAP_ALLOCATE|[355]|Bytes:408
15:26:02.2 (2878575)|HEAP_ALLOCATE|[467]|Bytes:48
15:26:02.2 (2910864)|HEAP_ALLOCATE|[139]|Bytes:6
15:26:02.2 (2936037)|HEAP_ALLOCATE|[EXTERNAL]|Bytes:1
15:26:02.2 (3028859)|STATEMENT_EXECUTE|[1]
15:26:02.2 (3033006)|STATEMENT_EXECUTE|[1]
15:26:02.2 (3094815)|HEAP_ALLOCATE|[50]|Bytes:5
15:26:02.2 (3121914)|HEAP_ALLOCATE|[56]|Bytes:5
15:26:02.2 (3133745)|HEAP_ALLOCATE|[64]|Bytes:7
15:26:02.2 (3164652)|SYSTEM_MODE_ENTER|false
15:26:02.2 (3189627)|HEAP_ALLOCATE|[1]|Bytes:5
15:26:02.2 (4380952)|HEAP_ALLOCATE|[1]|Bytes:1
15:26:02.2 (4398996)|HEAP_ALLOCATE|[1]|Bytes:1
15:26:02.2 (4469857)|METHOD_ENTRY|[1]|01pf400000HBzb4|HelloWorld.HelloWorld()
15:26:02.2 (4481320)|STATEMENT_EXECUTE|[1]
15:26:02.2 (4487455)|STATEMENT_EXECUTE|[1]
15:26:02.2 (4505519)|METHOD_EXIT|[1]|HelloWorld
15:26:02.2 (4528392)|METHOD_ENTRY|[1]|01pf400000HBzb4|HelloWorld.test()
15:26:02.2 (4562753)|STATEMENT_EXECUTE|[3]
15:26:02.2 (4565406)|STATEMENT_EXECUTE|[4]
15:26:02.2 (4570092)|HEAP_ALLOCATE|[4]|Bytes:14
15:26:02.2 (4653739)|USER_DEBUG|[4]|DEBUG|[Test]: Hellow
15:26:02.2 (4671147)|METHOD_EXIT|[1]|01pf400000HBzb4|HelloWorld.test()
15:26:02.2 (4682926)|SYSTEM_MODE_EXIT|false
15:26:02.4 (4754001)|CUMULATIVE_LIMIT_USAGE
15:26:02.4 (4754001)|LIMIT_USAGE_FOR_NS|(default)|
  Number of SOQL queries: 0 out of 100
  Number of query rows: 0 out of 50000
  Number of SOSL queries: 0 out of 20
  Number of DML statements: 0 out of 150
  Number of DML rows: 0 out of 10000
  Maximum CPU time: 0 out of 10000
  Maximum heap size: 0 out of 6000000
  Number of callouts: 0 out of 100
  Number of Email Invocations: 0 out of 10
  Number of future calls: 0 out of 50
  Number of queueable jobs added to the queue: 0 out of 50
  Number of Mobile Apex push calls: 0 out of 10

15:26:02.4 (4754001)|CUMULATIVE_LIMIT_USAGE_END

15:26:02.2 (4843363)|CODE_UNIT_FINISHED|execute_anonymous_apex
15:26:02.2 (5707446)|EXECUTION_FINISHED
