36.0 APEX_CODE,FINEST;APEX_PROFILING,INFO;CALLOUT,INFO;DB,INFO;SYSTEM,DEBUG;VALIDATION,INFO;VISUALFORCE,INFO;WAVE,INFO;WORKFLOW,INFO
Execute Anonymous: UpdatePageLayout upl = new UpdatePageLayout();
Execute Anonymous: System.debug('[test]:diplay data:'+upl.buildLayout());
16:28:12.1 (1429572)|USER_INFO|[EXTERNAL]|005f4000002Yjy1|anderson.paschoalon@brave-badger-193468.com|Fuso horário de Brasília|GMT-03:00
16:28:12.1 (1450183)|EXECUTION_STARTED
16:28:12.1 (1453925)|CODE_UNIT_STARTED|[EXTERNAL]|execute_anonymous_apex
16:28:12.1 (2711032)|VARIABLE_SCOPE_BEGIN|[1]|upl|UpdatePageLayout|true|false
16:28:12.1 (2981910)|HEAP_ALLOCATE|[72]|Bytes:3
16:28:12.1 (3033267)|HEAP_ALLOCATE|[77]|Bytes:152
16:28:12.1 (3047199)|HEAP_ALLOCATE|[342]|Bytes:408
16:28:12.1 (3059717)|HEAP_ALLOCATE|[355]|Bytes:408
16:28:12.1 (3070527)|HEAP_ALLOCATE|[467]|Bytes:48
16:28:12.1 (3095965)|HEAP_ALLOCATE|[139]|Bytes:6
16:28:12.1 (3111086)|HEAP_ALLOCATE|[EXTERNAL]|Bytes:3
16:28:12.1 (3165873)|STATEMENT_EXECUTE|[1]
16:28:12.1 (3168855)|STATEMENT_EXECUTE|[1]
16:28:12.1 (3172337)|HEAP_ALLOCATE|[1]|Bytes:3
16:28:12.1 (3177851)|HEAP_ALLOCATE|[1]|Bytes:5
16:28:12.1 (3220180)|METHOD_ENTRY|[1]|01pf400000HCPqv|UpdatePageLayout.UpdatePageLayout()
16:28:12.1 (3227701)|STATEMENT_EXECUTE|[1]
16:28:12.1 (3231468)|STATEMENT_EXECUTE|[1]
16:28:12.1 (3263356)|HEAP_ALLOCATE|[50]|Bytes:5
16:28:12.1 (3282987)|HEAP_ALLOCATE|[56]|Bytes:5
16:28:12.1 (3289842)|HEAP_ALLOCATE|[64]|Bytes:7
16:28:12.1 (3310266)|SYSTEM_MODE_ENTER|false
16:28:12.1 (3325755)|HEAP_ALLOCATE|[1]|Bytes:5
16:28:12.1 (3332773)|SYSTEM_MODE_EXIT|false
16:28:12.1 (3352698)|METHOD_EXIT|[1]|UpdatePageLayout
16:28:12.1 (3367150)|HEAP_ALLOCATE|[1]|Bytes:4
16:28:12.1 (3403922)|SYSTEM_MODE_ENTER|false
16:28:12.1 (3414621)|HEAP_ALLOCATE|[1]|Bytes:5
16:28:12.1 (3439485)|CONSTRUCTOR_ENTRY|[1]|01pf400000HCPqv|<init>()
16:28:12.1 (3468081)|VARIABLE_SCOPE_BEGIN|[2]|this|UpdatePageLayout|true|false
16:28:12.1 (3515705)|VARIABLE_ASSIGNMENT|[2]|this|{}|0x3191b700
16:28:12.1 (3531224)|HEAP_ALLOCATE|[EXTERNAL]|Bytes:5
16:28:12.1 (3535992)|STATEMENT_EXECUTE|[1]
16:28:12.1 (3540754)|HEAP_ALLOCATE|[EXTERNAL]|Bytes:5
16:28:12.1 (3548182)|HEAP_ALLOCATE|[EXTERNAL]|Bytes:6
16:28:12.1 (3576610)|STATEMENT_EXECUTE|[2]
16:28:12.1 (3597261)|CONSTRUCTOR_EXIT|[1]|01pf400000HCPqv|<init>()
16:28:12.1 (3608097)|SYSTEM_MODE_EXIT|false
16:28:12.1 (3627158)|VARIABLE_ASSIGNMENT|[1]|upl|{}|0x3191b700
16:28:12.1 (3633520)|STATEMENT_EXECUTE|[2]
16:28:12.1 (3636978)|HEAP_ALLOCATE|[2]|Bytes:19
16:28:12.1 (3663443)|SYSTEM_MODE_ENTER|false
16:28:12.1 (3670683)|HEAP_ALLOCATE|[2]|Bytes:5
16:28:12.1 (3692219)|METHOD_ENTRY|[2]|01pf400000HCPqv|UpdatePageLayout.buildLayout()
16:28:12.1 (3762646)|VARIABLE_SCOPE_BEGIN|[5]|this|UpdatePageLayout|true|false
16:28:12.1 (3782800)|VARIABLE_ASSIGNMENT|[5]|this|{}|0x3191b700
16:28:12.1 (3799013)|HEAP_ALLOCATE|[9]|Bytes:5
16:28:12.1 (3803604)|STATEMENT_EXECUTE|[5]
16:28:12.1 (3805294)|STATEMENT_EXECUTE|[8]
16:28:12.1 (3889253)|HEAP_ALLOCATE|[10]|Bytes:4
16:28:12.1 (3947131)|HEAP_ALLOCATE|[10]|Bytes:22
16:28:12.1 (3985402)|HEAP_ALLOCATE|[9]|Bytes:3
16:28:12.1 (3994173)|SYSTEM_METHOD_ENTRY|[1]|Operations.Operations()
16:28:12.1 (3997971)|STATEMENT_EXECUTE|[1]
16:28:12.1 (4003014)|SYSTEM_METHOD_EXIT|[1]|Operations
16:28:12.1 (4019044)|METHOD_ENTRY|[9]||Metadata.Operations.retrieve(Metadata.MetadataType, List<String>)
16:28:12.1 (112642130)|METHOD_EXIT|[9]||Metadata.Operations.retrieve(Metadata.MetadataType, List<String>)
16:28:12.1 (112681566)|VARIABLE_SCOPE_BEGIN|[8]|layouts|List<Metadata.Metadata>|true|false
16:28:12.1 (112808533)|VARIABLE_ASSIGNMENT|[8]|layouts|[{"emailDefault":false,"headers":"0x65245a68","layoutSections":"0x3fd6af4c","quickActionList":"0x79b551d9","relatedContent":"0x626c0a64","relatedLists":"0x25dcfb5b","relatedObjects":"0x2ffa8c63","runAssignmentRulesDe (5 more) ...":false,"showEmailCheckbox":true,"showHighlightsPanel":false,"showInteractionLogPa (3 more) ...":false,"showRunAssignmentRul (10 more) ...":true,"showSubmitAndAttachB (5 more) ...":false,"fullName":"Account-Account Layo (2 more) ..."}]|0x7c922bdc
16:28:12.1 (112825031)|STATEMENT_EXECUTE|[11]
16:28:12.1 (112884340)|HEAP_ALLOCATE|[11]|Bytes:100
16:28:12.1 (112900897)|VARIABLE_SCOPE_BEGIN|[11]|layoutMd|Metadata.Layout|true|false
16:28:12.1 (112956475)|VARIABLE_ASSIGNMENT|[11]|layoutMd|{"emailDefault":false,"headers":"0x65245a68","layoutSections":"0x3fd6af4c","quickActionList":"0x79b551d9","relatedContent":"0x626c0a64","relatedLists":"0x25dcfb5b","relatedObjects":"0x2ffa8c63","runAssignmentRulesDe (5 more) ...":false,"showEmailCheckbox":true,"showHighlightsPanel":false,"showInteractionLogPa (3 more) ...":false,"showRunAssignmentRul (10 more) ...":true,"showSubmitAndAttachB (5 more) ...":false,"fullName":"Account-Account Layo (2 more) ..."}|0x7e2f3100
16:28:12.1 (112967735)|STATEMENT_EXECUTE|[12]
16:28:12.1 (112971289)|VARIABLE_SCOPE_BEGIN|[12]|layoutSectionToEdit|Metadata.LayoutSection|true|false
16:28:12.1 (112980628)|VARIABLE_ASSIGNMENT|[12]|layoutSectionToEdit|null|
16:28:12.1 (112985222)|STATEMENT_EXECUTE|[13]
16:28:12.1 (113027768)|VARIABLE_SCOPE_BEGIN|[13]|layoutSections|List<Metadata.LayoutSection>|true|false
16:28:12.1 (113041719)|VARIABLE_ASSIGNMENT|[13]|layoutSections|"List of size 6 too large to display"|0x3fd6af4c
16:28:12.1 (113186003)|HEAP_ALLOCATE|[14]|Bytes:5
16:28:12.1 (113213883)|HEAP_ALLOCATE|[14]|Bytes:28
16:28:12.1 (113221321)|VARIABLE_SCOPE_BEGIN|[14]|section|Metadata.LayoutSection|true|false
16:28:12.1 (113255588)|VARIABLE_ASSIGNMENT|[14]|section|{"customLabel":false,"detailHeading":false,"editHeading":true,"label":"Account Information","layoutColumns":"0x2d089d45","style":"0x49da4dba"}|0x4652fa6f
16:28:12.1 (113264052)|STATEMENT_EXECUTE|[14]
16:28:12.1 (113296501)|HEAP_ALLOCATE|[16]|Bytes:19
16:28:12.1 (113327911)|STATEMENT_EXECUTE|[16]
16:28:12.1 (113329880)|STATEMENT_EXECUTE|[17]
16:28:12.1 (113350698)|VARIABLE_ASSIGNMENT|[17]|layoutSectionToEdit|{"customLabel":false,"detailHeading":false,"editHeading":true,"label":"Account Information","layoutColumns":"0x2d089d45","style":"0x49da4dba"}|0x4652fa6f
16:28:12.1 (113358125)|STATEMENT_EXECUTE|[18]
16:28:12.1 (113363019)|VARIABLE_ASSIGNMENT|[14]|section|null|
16:28:12.1 (113368295)|STATEMENT_EXECUTE|[23]
16:28:12.1 (113371744)|HEAP_ALLOCATE|[23]|Bytes:16
16:28:12.1 (114612460)|HEAP_ALLOCATE|[23]|Bytes:12255
16:28:12.1 (114649850)|HEAP_ALLOCATE|[23]|Bytes:12271
16:28:12.1 (114668189)|USER_DEBUG|[23]|DEBUG|[test]-layoutMd=Layout:[Metadata.fullName=Account-Account Layout, customButtons=null, customConsoleComponents=null, emailDefault=false, excludeButtons=null, feedLayout=null, headers=(PersonalTagging, PublicTagging), layoutSections=(LayoutSection:[customLabel=false, detailHeading=false, editHeading=true, label=Account Information, layoutColumns=(LayoutColumn:[layoutItems=(LayoutItem:[analyticsCloudComponent=null, behavior=Edit, canvas=null, component=null, customLink=null, emptySpace=null, field=OwnerId, height=null, page_x=null, reportChartComponent=null, scontrol=null, showLabel=null, showScrollbars=null, width=null], LayoutItem:[analyticsCloudComponent=null, behavior=Required, canvas=null, component=null, customLink=null, emptySpace=null, field=Name, height=null, page_x=null, reportChartComponent=null, scontrol=null, showLabel=null, showScrollbars=null, width=null], LayoutItem:[analyticsCloudComponent=null, behavior=Edit, canvas=null, component=null, customLink=null, emptySpace=null, field=ParentId, height=null, page_x=null, reportChartComponent=null, scontrol=null, showLabel=null, showScrollbars=null, width=null], LayoutItem:[analyticsCloudComponent=null, behavior=Edit, canvas=null, component=null, customLink=null, emptySpace=null, field=AccountNumber, height=null, page_x=null, reportChartComponent=null, scontrol=null, showLabel=null, showScrollbars=null, width=null], LayoutItem:[analyticsCloudComponent=null, behavior=Edit, canvas=null, component=null, customLink=null, emptySpace=null, field=Site, height=null, page_x=null, reportChartComponent=null, scontrol=null, showLabel=null, showScrollbars=null, width=null], LayoutItem:[analyticsCloudComponent=null, behavior=Edit, canvas=null, component=null, customLink=null, emptySpace=null, field=Type, height=null, page_x=null, reportChartComponent=null, scontrol=null, showLabel=null, showScrollbars=null, width=null], LayoutItem:[analyticsCloudComponent=null, behavior=Edit, canvas=null, component=null, customLink=null, emptySpace=null, field=Industry, height=null, page_x=null, reportChartComponent=null, scontrol=null, showLabel=null, showScrollbars=null, width=null], LayoutItem:[analyticsCloudComponent=null, behavior=Edit, canvas=null, component=null, customLink=null, emptySpace=null, field=AnnualRevenue, height=null, page_x=null, reportChartComponent=null, scontrol=null, showLabel=null, showScrollbars=null, width=null], LayoutItem:[analyticsCloudComponent=null, behavior=Edit, canvas=null, component=null, customLink=null, emptySpace=null, field=Minimum_Support_Level__c, height=null, page_x=null, reportChartComponent=null, scontrol=null, showLabel=null, showScrollbars=null, width=null]), reserved=null], LayoutColumn:[layoutItems=(LayoutItem:[analyticsCloudComponent=null, behavior=Edit, canvas=null, component=null, customLink=null, emptySpace=null, field=Rating, height=null, page_x=null, reportChartComponent=null, scontrol=null, showLabel=null, showScrollbars=null, width=null], LayoutItem:[analyticsCloudComponent=null, behavior=Edit, canvas=null, component=null, customLink=null, emptySpace=null, field=Phone, height=null, page_x=null, reportChartComponent=null, scontrol=null, showLabel=null, showScrollbars=null, width=null], LayoutItem:[analyticsCloudComponent=null, behavior=Edit, canvas=null, component=null, customLink=null, emptySpace=null, field=Fax, height=null, page_x=null, reportChartComponent=null, scontrol=null, showLabel=null, showScrollbars=null, width=null], LayoutItem:[analyticsCloudComponent=null, behavior=Edit, canvas=null, component=null, customLink=null, emptySpace=null, field=Website, height=null, page_x=null, reportChartComponent=null, scontrol=null, showLabel=null, showScrollbars=null, width=null], LayoutItem:[analyticsCloudComponent=null, behavior=Edit, canvas=null, component=null, customLink=null, emptySpace=null, field=TickerSymbol, height=null, page_x=null, reportChartComponent=null, scontrol=null, showLabel=null, showScrollbars=null, width=null], LayoutItem:[analyticsCloudComponent=null, behavior=Edit, canvas=null, component=null, customLink=null, emptySpace=null, field=Ownership, height=null, page_x=null, reportChartComponent=null, scontrol=null, showLabel=null, showScrollbars=null, width=null], LayoutItem:[analyticsCloudComponent=null, behavior=Edit, canvas=null, component=null, customLink=null, emptySpace=null, field=NumberOfEmployees, height=null, page_x=null, reportChartComponent=null, scontrol=null, showLabel=null, showScrollbars=null, width=null], LayoutItem:[analyticsCloudComponent=null, behavior=Edit, canvas=null, component=null, customLink=null, emptySpace=null, field=Sic, height=null, page_x=null, reportChartComponent=null, scontrol=null, showLabel=null, showScrollbars=null, width=null]), reserved=null]), style=TwoColumnsTopToBottom], LayoutSection:[customLabel=false, detailHeading=false, editHeading=true, label=Address Information, layoutColumns=(LayoutColumn:[layoutItems=(LayoutItem:[analyticsCloudComponent=null, behavior=Edit, canvas=null, component=null, customLink=null, emptySpace=null, field=BillingAddress, height=null, page_x=null, reportChartComponent=null, scontrol=null, showLabel=null, showScrollbars=null, width=null]), reserved=null], LayoutColumn:[layoutItems=(LayoutItem:[analyticsCloudComponent=null, behavior=Edit, canvas=null, component=null, customLink=null, emptySpace=null, field=ShippingAddress, height=null, page_x=null, reportChartComponent=null, scontrol=null, showLabel=null, showScrollbars=null, width=null]), reserved=null]), style=TwoColumnsTopToBottom], LayoutSection:[customLabel=false, detailHeading=false, editHeading=true, label=Additional Information, layoutColumns=(LayoutColumn:[layoutItems=(LayoutItem:[analyticsCloudComponent=null, behavior=Edit, canvas=null, component=null, customLink=null, emptySpace=null, field=CustomerPriority__c, height=null, page_x=null, reportChartComponent=null, scontrol=null, showLabel=null, showScrollbars=null, width=null], LayoutItem:[analyticsCloudComponent=null, behavior=Edit, canvas=null, component=null, customLink=null, emptySpace=null, field=SLAExpirationDate__c, height=null, page_x=null, reportChartComponent=null, scontrol=null, showLabel=null, showScrollbars=null, width=null], LayoutItem:[analyticsCloudComponent=null, behavior=Edit, canvas=null, component=null, customLink=null, emptySpace=null, field=NumberofLocations__c, height=null, page_x=null, reportChartComponent=null, scontrol=null, showLabel=null, showScrollbars=null, width=null], LayoutItem:[analyticsCloudComponent=null, behavior=Edit, canvas=null, component=null, customLink=null, emptySpace=null, field=Active__c, height=null, page_x=null, reportChartComponent=null, scontrol=null, showLabel=null, showScrollbars=null, width=null]), reserved=null], LayoutColumn:[layoutItems=(LayoutItem:[analyticsCloudComponent=null, behavior=Edit, canvas=null, component=null, customLink=null, emptySpace=null, field=SLA__c, height=null, page_x=null, reportChartComponent=null, scontrol=null, showLabel=null, showScrollbars=null, width=null], LayoutItem:[analyticsCloudComponent=null, behavior=Edit, canvas=null, component=null, customLink=null, emptySpace=null, field=SLASerialNumber__c, height=null, page_x=null, reportChartComponent=null, scontrol=null, showLabel=null, showScrollbars=null, width=null], LayoutItem:[analyticsCloudComponent=null, behavior=Edit, canvas=null, component=null, customLink=null, emptySpace=null, field=UpsellOpportunity__c, height=null, page_x=null, reportChartComponent=null, scontrol=null, showLabel=null, showScrollbars=null, width=null]), reserved=null]), style=TwoColumnsLeftToRight], LayoutSection:[customLabel=false, detailHeading=false, editHeading=true, label=System Information, layoutColumns=(LayoutColumn:[layoutItems=(LayoutItem:[analyticsCloudComponent=null, behavior=Readonly, canvas=null, component=null, customLink=null, emptySpace=null, field=CreatedById, height=null, page_x=null, reportChartComponent=null, scontrol=null, showLabel=null, showScrollbars=null, width=null]), reserved=null], LayoutColumn:[layoutItems=(LayoutItem:[analyticsCloudComponent=null, behavior=Readonly, canvas=null, component=null, customLink=null, emptySpace=null, field=LastModifiedById, height=null, page_x=null, reportChartComponent=null, scontrol=null, showLabel=null, showScrollbars=null, width=null]), reserved=null]), style=TwoColumnsTopToBottom], LayoutSection:[customLabel=false, detailHeading=false, editHeading=true, label=Description Information, layoutColumns=(LayoutColumn:[layoutItems=(LayoutItem:[analyticsCloudComponent=null, behavior=Edit, canvas=null, component=null, customLink=null, emptySpace=null, field=Description, height=null, page_x=null, reportChartComponent=null, scontrol=null, showLabel=null, showScrollbars=null, width=null]), reserved=null]), style=OneColumn], LayoutSection:[customLabel=false, detailHeading=false, editHeading=false, label=null, layoutColumns=(LayoutColumn:[layoutItems=(LayoutItem:[analyticsCloudComponent=null, behavior=null, canvas=null, component=null, customLink=Billing, emptySpace=null, field=null, height=null, page_x=null, reportChartComponent=null, scontrol=null, showLabel=null, showScrollbars=null, width=null]), reserved=null], LayoutColumn:[layoutItems=null, reserved=null], LayoutColumn:[layoutItems=null, reserved=null]), style=CustomLinks]), miniLayout=null, multilineLayoutFields=null, platformActionList=null, quickActionList=QuickActionList:[quickActionListItems=(QuickActionListItem:[quickActionName=FeedItem.TextPost], QuickActionListItem:[quickActionName=FeedItem.ContentPost], QuickActionListItem:[quickActionName=NewTask], QuickActionListItem:[quickActionName=NewContact], QuickActionListItem:[quickActionName=NewCase], QuickActionListItem:[quickActionName=LogACall], QuickActionListItem:[quickActionName=NewNote], QuickActionListItem:[quickActionName=NewOpportunity], QuickActionListItem:[quickActionName=NewEvent], QuickActionListItem:[quickActionName=FeedItem.RypplePost], ...)], relatedContent=RelatedContent:[relatedContentItems=(RelatedContentItem:[layoutItem=LayoutItem:[analyticsCloudComponent=null, behavior=null, canvas=null, component=runtime_sales_social:socialPanel, customLink=null, emptySpace=null, field=null, height=null, page_x=null, reportChartComponent=null, scontrol=null, showLabel=null, showScrollbars=null, width=null]])], relatedLists=(RelatedListItem:[customButtons=null, excludeButtons=null, fields=(FULL_NAME, CONTACT.TITLE, CONTACT.EMAIL, CONTACT.PHONE1), relatedList=RelatedContactList, sortField=null, sortOrder=null], RelatedListItem:[customButtons=null, excludeButtons=null, fields=(OPPORTUNITY.NAME, OPPORTUNITY.STAGE_NAME, OPPORTUNITY.AMOUNT, OPPORTUNITY.CLOSE_DATE), relatedList=RelatedOpportunityList, sortField=null, sortOrder=null], RelatedListItem:[customButtons=null, excludeButtons=null, fields=(CASES.CASE_NUMBER, NAME, CASES.SUBJECT, CASES.PRIORITY, CASES.CREATED_DATE_DATE_ONLY, CASES.STATUS, OWNER_NAME), relatedList=RelatedCaseList, sortField=null, sortOrder=null], RelatedListItem:[customButtons=null, excludeButtons=null, fields=(TASK.SUBJECT, TASK.WHO_NAME, TASK.WHAT_NAME, ACTIVITY.TASK, TASK.DUE_DATE, TASK.STATUS, TASK.PRIORITY, CORE.USERS.FULL_NAME), relatedList=RelatedActivityList, sortField=null, sortOrder=null], RelatedListItem:[customButtons=null, excludeButtons=null, fields=(TASK.SUBJECT, TASK.WHO_NAME, TASK.WHAT_NAME, ACTIVITY.TASK, TASK.DUE_DATE, CORE.USERS.FULL_NAME, TASK.LAST_UPDATE), relatedList=RelatedHistoryList, sortField=null, sortOrder=null], RelatedListItem:[customButtons=null, excludeButtons=null, fields=null, relatedList=RelatedNoteList, sortField=null, sortOrder=null], RelatedListItem:[customButtons=null, excludeButtons=null, fields=(ACCOUNT.NAME, OPPORTUNITY.NAME, PARTNER.ROLE), relatedList=RelatedPartnerList, sortField=null, sortOrder=null], RelatedListItem:[customButtons=null, excludeButtons=null, fields=(NAME), relatedList=Booking__c.Account_Booking__c, sortField=null, sortOrder=null]), relatedObjects=(ParentId), runAssignmentRulesDefault=false, showEmailCheckbox=true, showHighlightsPanel=false, showInteractionLogPanel=false, showKnowledgeComponent=null, showRunAssignmentRulesCheckbox=true, showSolutionSection=null, showSubmitAndAttachButton=false, summaryLayout=null]
16:28:12.1 (114818330)|STATEMENT_EXECUTE|[24]
16:28:12.1 (114822800)|HEAP_ALLOCATE|[24]|Bytes:27
16:28:12.1 (115300141)|HEAP_ALLOCATE|[24]|Bytes:4565
16:28:12.1 (115324554)|HEAP_ALLOCATE|[24]|Bytes:4592
16:28:12.1 (115335556)|USER_DEBUG|[24]|DEBUG|[test]-layoutSectionToEdit=LayoutSection:[customLabel=false, detailHeading=false, editHeading=true, label=Account Information, layoutColumns=(LayoutColumn:[layoutItems=(LayoutItem:[analyticsCloudComponent=null, behavior=Edit, canvas=null, component=null, customLink=null, emptySpace=null, field=OwnerId, height=null, page_x=null, reportChartComponent=null, scontrol=null, showLabel=null, showScrollbars=null, width=null], LayoutItem:[analyticsCloudComponent=null, behavior=Required, canvas=null, component=null, customLink=null, emptySpace=null, field=Name, height=null, page_x=null, reportChartComponent=null, scontrol=null, showLabel=null, showScrollbars=null, width=null], LayoutItem:[analyticsCloudComponent=null, behavior=Edit, canvas=null, component=null, customLink=null, emptySpace=null, field=ParentId, height=null, page_x=null, reportChartComponent=null, scontrol=null, showLabel=null, showScrollbars=null, width=null], LayoutItem:[analyticsCloudComponent=null, behavior=Edit, canvas=null, component=null, customLink=null, emptySpace=null, field=AccountNumber, height=null, page_x=null, reportChartComponent=null, scontrol=null, showLabel=null, showScrollbars=null, width=null], LayoutItem:[analyticsCloudComponent=null, behavior=Edit, canvas=null, component=null, customLink=null, emptySpace=null, field=Site, height=null, page_x=null, reportChartComponent=null, scontrol=null, showLabel=null, showScrollbars=null, width=null], LayoutItem:[analyticsCloudComponent=null, behavior=Edit, canvas=null, component=null, customLink=null, emptySpace=null, field=Type, height=null, page_x=null, reportChartComponent=null, scontrol=null, showLabel=null, showScrollbars=null, width=null], LayoutItem:[analyticsCloudComponent=null, behavior=Edit, canvas=null, component=null, customLink=null, emptySpace=null, field=Industry, height=null, page_x=null, reportChartComponent=null, scontrol=null, showLabel=null, showScrollbars=null, width=null], LayoutItem:[analyticsCloudComponent=null, behavior=Edit, canvas=null, component=null, customLink=null, emptySpace=null, field=AnnualRevenue, height=null, page_x=null, reportChartComponent=null, scontrol=null, showLabel=null, showScrollbars=null, width=null], LayoutItem:[analyticsCloudComponent=null, behavior=Edit, canvas=null, component=null, customLink=null, emptySpace=null, field=Minimum_Support_Level__c, height=null, page_x=null, reportChartComponent=null, scontrol=null, showLabel=null, showScrollbars=null, width=null]), reserved=null], LayoutColumn:[layoutItems=(LayoutItem:[analyticsCloudComponent=null, behavior=Edit, canvas=null, component=null, customLink=null, emptySpace=null, field=Rating, height=null, page_x=null, reportChartComponent=null, scontrol=null, showLabel=null, showScrollbars=null, width=null], LayoutItem:[analyticsCloudComponent=null, behavior=Edit, canvas=null, component=null, customLink=null, emptySpace=null, field=Phone, height=null, page_x=null, reportChartComponent=null, scontrol=null, showLabel=null, showScrollbars=null, width=null], LayoutItem:[analyticsCloudComponent=null, behavior=Edit, canvas=null, component=null, customLink=null, emptySpace=null, field=Fax, height=null, page_x=null, reportChartComponent=null, scontrol=null, showLabel=null, showScrollbars=null, width=null], LayoutItem:[analyticsCloudComponent=null, behavior=Edit, canvas=null, component=null, customLink=null, emptySpace=null, field=Website, height=null, page_x=null, reportChartComponent=null, scontrol=null, showLabel=null, showScrollbars=null, width=null], LayoutItem:[analyticsCloudComponent=null, behavior=Edit, canvas=null, component=null, customLink=null, emptySpace=null, field=TickerSymbol, height=null, page_x=null, reportChartComponent=null, scontrol=null, showLabel=null, showScrollbars=null, width=null], LayoutItem:[analyticsCloudComponent=null, behavior=Edit, canvas=null, component=null, customLink=null, emptySpace=null, field=Ownership, height=null, page_x=null, reportChartComponent=null, scontrol=null, showLabel=null, showScrollbars=null, width=null], LayoutItem:[analyticsCloudComponent=null, behavior=Edit, canvas=null, component=null, customLink=null, emptySpace=null, field=NumberOfEmployees, height=null, page_x=null, reportChartComponent=null, scontrol=null, showLabel=null, showScrollbars=null, width=null], LayoutItem:[analyticsCloudComponent=null, behavior=Edit, canvas=null, component=null, customLink=null, emptySpace=null, field=Sic, height=null, page_x=null, reportChartComponent=null, scontrol=null, showLabel=null, showScrollbars=null, width=null]), reserved=null]), style=TwoColumnsTopToBottom]
16:28:12.1 (115394243)|STATEMENT_EXECUTE|[27]
16:28:12.1 (115428544)|VARIABLE_SCOPE_BEGIN|[27]|layoutColumns|List<Metadata.LayoutColumn>|true|false
16:28:12.1 (115458831)|VARIABLE_ASSIGNMENT|[27]|layoutColumns|[{"layoutItems":"0x3cbd7b2a"},{"layoutItems":"0x4bfe91b7"}]|0x2d089d45
16:28:12.1 (115465752)|STATEMENT_EXECUTE|[28]
16:28:12.1 (115511958)|HEAP_ALLOCATE|[28]|Bytes:12
16:28:12.1 (115541236)|VARIABLE_SCOPE_BEGIN|[28]|layoutItems|List<Metadata.LayoutItem>|true|false
16:28:12.1 (115554045)|VARIABLE_ASSIGNMENT|[28]|layoutItems|"List of size 9 too large to display"|0x3cbd7b2a
16:28:12.1 (115560481)|STATEMENT_EXECUTE|[31]
16:28:12.1 (115566390)|HEAP_ALLOCATE|[31]|Bytes:60
16:28:12.1 (115577324)|CONSTRUCTOR_ENTRY|[31]||<init>()
16:28:12.1 (115680900)|VARIABLE_SCOPE_BEGIN|[31]|item|Metadata.LayoutItem|true|false
16:28:12.1 (115718686)|VARIABLE_ASSIGNMENT|[31]|item|{}|0x5ee23678
16:28:12.1 (115729585)|STATEMENT_EXECUTE|[32]
16:28:12.1 (115783900)|STATEMENT_EXECUTE|[33]
16:28:12.1 (115789395)|HEAP_ALLOCATE|[33]|Bytes:34
16:28:12.1 (115823070)|STATEMENT_EXECUTE|[34]
16:28:12.1 (115862514)|HEAP_ALLOCATE|[EXTERNAL]|Bytes:4
16:28:12.1 (115872161)|STATEMENT_EXECUTE|[36]
16:28:12.1 (115882705)|METHOD_EXIT|[2]|01pf400000HCPqv|UpdatePageLayout.buildLayout()
16:28:12.1 (115890999)|SYSTEM_MODE_EXIT|false
16:28:12.1 (117061996)|HEAP_ALLOCATE|[2]|Bytes:12535
16:28:12.1 (117090155)|HEAP_ALLOCATE|[2]|Bytes:12554
16:28:12.1 (117103103)|USER_DEBUG|[2]|DEBUG|[test]:diplay data:Layout:[Metadata.fullName=Account-Account Layout, customButtons=null, customConsoleComponents=null, emailDefault=false, excludeButtons=null, feedLayout=null, headers=(PersonalTagging, PublicTagging), layoutSections=(LayoutSection:[customLabel=false, detailHeading=false, editHeading=true, label=Account Information, layoutColumns=(LayoutColumn:[layoutItems=(LayoutItem:[analyticsCloudComponent=null, behavior=Edit, canvas=null, component=null, customLink=null, emptySpace=null, field=OwnerId, height=null, page_x=null, reportChartComponent=null, scontrol=null, showLabel=null, showScrollbars=null, width=null], LayoutItem:[analyticsCloudComponent=null, behavior=Required, canvas=null, component=null, customLink=null, emptySpace=null, field=Name, height=null, page_x=null, reportChartComponent=null, scontrol=null, showLabel=null, showScrollbars=null, width=null], LayoutItem:[analyticsCloudComponent=null, behavior=Edit, canvas=null, component=null, customLink=null, emptySpace=null, field=ParentId, height=null, page_x=null, reportChartComponent=null, scontrol=null, showLabel=null, showScrollbars=null, width=null], LayoutItem:[analyticsCloudComponent=null, behavior=Edit, canvas=null, component=null, customLink=null, emptySpace=null, field=AccountNumber, height=null, page_x=null, reportChartComponent=null, scontrol=null, showLabel=null, showScrollbars=null, width=null], LayoutItem:[analyticsCloudComponent=null, behavior=Edit, canvas=null, component=null, customLink=null, emptySpace=null, field=Site, height=null, page_x=null, reportChartComponent=null, scontrol=null, showLabel=null, showScrollbars=null, width=null], LayoutItem:[analyticsCloudComponent=null, behavior=Edit, canvas=null, component=null, customLink=null, emptySpace=null, field=Type, height=null, page_x=null, reportChartComponent=null, scontrol=null, showLabel=null, showScrollbars=null, width=null], LayoutItem:[analyticsCloudComponent=null, behavior=Edit, canvas=null, component=null, customLink=null, emptySpace=null, field=Industry, height=null, page_x=null, reportChartComponent=null, scontrol=null, showLabel=null, showScrollbars=null, width=null], LayoutItem:[analyticsCloudComponent=null, behavior=Edit, canvas=null, component=null, customLink=null, emptySpace=null, field=AnnualRevenue, height=null, page_x=null, reportChartComponent=null, scontrol=null, showLabel=null, showScrollbars=null, width=null], LayoutItem:[analyticsCloudComponent=null, behavior=Edit, canvas=null, component=null, customLink=null, emptySpace=null, field=Minimum_Support_Level__c, height=null, page_x=null, reportChartComponent=null, scontrol=null, showLabel=null, showScrollbars=null, width=null], LayoutItem:[analyticsCloudComponent=null, behavior=Edit, canvas=null, component=null, customLink=null, emptySpace=null, field=AMAPI__Apex_MD_API_sample_field__c, height=null, page_x=null, reportChartComponent=null, scontrol=null, showLabel=null, showScrollbars=null, width=null]), reserved=null], LayoutColumn:[layoutItems=(LayoutItem:[analyticsCloudComponent=null, behavior=Edit, canvas=null, component=null, customLink=null, emptySpace=null, field=Rating, height=null, page_x=null, reportChartComponent=null, scontrol=null, showLabel=null, showScrollbars=null, width=null], LayoutItem:[analyticsCloudComponent=null, behavior=Edit, canvas=null, component=null, customLink=null, emptySpace=null, field=Phone, height=null, page_x=null, reportChartComponent=null, scontrol=null, showLabel=null, showScrollbars=null, width=null], LayoutItem:[analyticsCloudComponent=null, behavior=Edit, canvas=null, component=null, customLink=null, emptySpace=null, field=Fax, height=null, page_x=null, reportChartComponent=null, scontrol=null, showLabel=null, showScrollbars=null, width=null], LayoutItem:[analyticsCloudComponent=null, behavior=Edit, canvas=null, component=null, customLink=null, emptySpace=null, field=Website, height=null, page_x=null, reportChartComponent=null, scontrol=null, showLabel=null, showScrollbars=null, width=null], LayoutItem:[analyticsCloudComponent=null, behavior=Edit, canvas=null, component=null, customLink=null, emptySpace=null, field=TickerSymbol, height=null, page_x=null, reportChartComponent=null, scontrol=null, showLabel=null, showScrollbars=null, width=null], LayoutItem:[analyticsCloudComponent=null, behavior=Edit, canvas=null, component=null, customLink=null, emptySpace=null, field=Ownership, height=null, page_x=null, reportChartComponent=null, scontrol=null, showLabel=null, showScrollbars=null, width=null], LayoutItem:[analyticsCloudComponent=null, behavior=Edit, canvas=null, component=null, customLink=null, emptySpace=null, field=NumberOfEmployees, height=null, page_x=null, reportChartComponent=null, scontrol=null, showLabel=null, showScrollbars=null, width=null], LayoutItem:[analyticsCloudComponent=null, behavior=Edit, canvas=null, component=null, customLink=null, emptySpace=null, field=Sic, height=null, page_x=null, reportChartComponent=null, scontrol=null, showLabel=null, showScrollbars=null, width=null]), reserved=null]), style=TwoColumnsTopToBottom], LayoutSection:[customLabel=false, detailHeading=false, editHeading=true, label=Address Information, layoutColumns=(LayoutColumn:[layoutItems=(LayoutItem:[analyticsCloudComponent=null, behavior=Edit, canvas=null, component=null, customLink=null, emptySpace=null, field=BillingAddress, height=null, page_x=null, reportChartComponent=null, scontrol=null, showLabel=null, showScrollbars=null, width=null]), reserved=null], LayoutColumn:[layoutItems=(LayoutItem:[analyticsCloudComponent=null, behavior=Edit, canvas=null, component=null, customLink=null, emptySpace=null, field=ShippingAddress, height=null, page_x=null, reportChartComponent=null, scontrol=null, showLabel=null, showScrollbars=null, width=null]), reserved=null]), style=TwoColumnsTopToBottom], LayoutSection:[customLabel=false, detailHeading=false, editHeading=true, label=Additional Information, layoutColumns=(LayoutColumn:[layoutItems=(LayoutItem:[analyticsCloudComponent=null, behavior=Edit, canvas=null, component=null, customLink=null, emptySpace=null, field=CustomerPriority__c, height=null, page_x=null, reportChartComponent=null, scontrol=null, showLabel=null, showScrollbars=null, width=null], LayoutItem:[analyticsCloudComponent=null, behavior=Edit, canvas=null, component=null, customLink=null, emptySpace=null, field=SLAExpirationDate__c, height=null, page_x=null, reportChartComponent=null, scontrol=null, showLabel=null, showScrollbars=null, width=null], LayoutItem:[analyticsCloudComponent=null, behavior=Edit, canvas=null, component=null, customLink=null, emptySpace=null, field=NumberofLocations__c, height=null, page_x=null, reportChartComponent=null, scontrol=null, showLabel=null, showScrollbars=null, width=null], LayoutItem:[analyticsCloudComponent=null, behavior=Edit, canvas=null, component=null, customLink=null, emptySpace=null, field=Active__c, height=null, page_x=null, reportChartComponent=null, scontrol=null, showLabel=null, showScrollbars=null, width=null]), reserved=null], LayoutColumn:[layoutItems=(LayoutItem:[analyticsCloudComponent=null, behavior=Edit, canvas=null, component=null, customLink=null, emptySpace=null, field=SLA__c, height=null, page_x=null, reportChartComponent=null, scontrol=null, showLabel=null, showScrollbars=null, width=null], LayoutItem:[analyticsCloudComponent=null, behavior=Edit, canvas=null, component=null, customLink=null, emptySpace=null, field=SLASerialNumber__c, height=null, page_x=null, reportChartComponent=null, scontrol=null, showLabel=null, showScrollbars=null, width=null], LayoutItem:[analyticsCloudComponent=null, behavior=Edit, canvas=null, component=null, customLink=null, emptySpace=null, field=UpsellOpportunity__c, height=null, page_x=null, reportChartComponent=null, scontrol=null, showLabel=null, showScrollbars=null, width=null]), reserved=null]), style=TwoColumnsLeftToRight], LayoutSection:[customLabel=false, detailHeading=false, editHeading=true, label=System Information, layoutColumns=(LayoutColumn:[layoutItems=(LayoutItem:[analyticsCloudComponent=null, behavior=Readonly, canvas=null, component=null, customLink=null, emptySpace=null, field=CreatedById, height=null, page_x=null, reportChartComponent=null, scontrol=null, showLabel=null, showScrollbars=null, width=null]), reserved=null], LayoutColumn:[layoutItems=(LayoutItem:[analyticsCloudComponent=null, behavior=Readonly, canvas=null, component=null, customLink=null, emptySpace=null, field=LastModifiedById, height=null, page_x=null, reportChartComponent=null, scontrol=null, showLabel=null, showScrollbars=null, width=null]), reserved=null]), style=TwoColumnsTopToBottom], LayoutSection:[customLabel=false, detailHeading=false, editHeading=true, label=Description Information, layoutColumns=(LayoutColumn:[layoutItems=(LayoutItem:[analyticsCloudComponent=null, behavior=Edit, canvas=null, component=null, customLink=null, emptySpace=null, field=Description, height=null, page_x=null, reportChartComponent=null, scontrol=null, showLabel=null, showScrollbars=null, width=null]), reserved=null]), style=OneColumn], LayoutSection:[customLabel=false, detailHeading=false, editHeading=false, label=null, layoutColumns=(LayoutColumn:[layoutItems=(LayoutItem:[analyticsCloudComponent=null, behavior=null, canvas=null, component=null, customLink=Billing, emptySpace=null, field=null, height=null, page_x=null, reportChartComponent=null, scontrol=null, showLabel=null, showScrollbars=null, width=null]), reserved=null], LayoutColumn:[layoutItems=null, reserved=null], LayoutColumn:[layoutItems=null, reserved=null]), style=CustomLinks]), miniLayout=null, multilineLayoutFields=null, platformActionList=null, quickActionList=QuickActionList:[quickActionListItems=(QuickActionListItem:[quickActionName=FeedItem.TextPost], QuickActionListItem:[quickActionName=FeedItem.ContentPost], QuickActionListItem:[quickActionName=NewTask], QuickActionListItem:[quickActionName=NewContact], QuickActionListItem:[quickActionName=NewCase], QuickActionListItem:[quickActionName=LogACall], QuickActionListItem:[quickActionName=NewNote], QuickActionListItem:[quickActionName=NewOpportunity], QuickActionListItem:[quickActionName=NewEvent], QuickActionListItem:[quickActionName=FeedItem.RypplePost], ...)], relatedContent=RelatedContent:[relatedContentItems=(RelatedContentItem:[layoutItem=LayoutItem:[analyticsCloudComponent=null, behavior=null, canvas=null, component=runtime_sales_social:socialPanel, customLink=null, emptySpace=null, field=null, height=null, page_x=null, reportChartComponent=null, scontrol=null, showLabel=null, showScrollbars=null, width=null]])], relatedLists=(RelatedListItem:[customButtons=null, excludeButtons=null, fields=(FULL_NAME, CONTACT.TITLE, CONTACT.EMAIL, CONTACT.PHONE1), relatedList=RelatedContactList, sortField=null, sortOrder=null], RelatedListItem:[customButtons=null, excludeButtons=null, fields=(OPPORTUNITY.NAME, OPPORTUNITY.STAGE_NAME, OPPORTUNITY.AMOUNT, OPPORTUNITY.CLOSE_DATE), relatedList=RelatedOpportunityList, sortField=null, sortOrder=null], RelatedListItem:[customButtons=null, excludeButtons=null, fields=(CASES.CASE_NUMBER, NAME, CASES.SUBJECT, CASES.PRIORITY, CASES.CREATED_DATE_DATE_ONLY, CASES.STATUS, OWNER_NAME), relatedList=RelatedCaseList, sortField=null, sortOrder=null], RelatedListItem:[customButtons=null, excludeButtons=null, fields=(TASK.SUBJECT, TASK.WHO_NAME, TASK.WHAT_NAME, ACTIVITY.TASK, TASK.DUE_DATE, TASK.STATUS, TASK.PRIORITY, CORE.USERS.FULL_NAME), relatedList=RelatedActivityList, sortField=null, sortOrder=null], RelatedListItem:[customButtons=null, excludeButtons=null, fields=(TASK.SUBJECT, TASK.WHO_NAME, TASK.WHAT_NAME, ACTIVITY.TASK, TASK.DUE_DATE, CORE.USERS.FULL_NAME, TASK.LAST_UPDATE), relatedList=RelatedHistoryList, sortField=null, sortOrder=null], RelatedListItem:[customButtons=null, excludeButtons=null, fields=null, relatedList=RelatedNoteList, sortField=null, sortOrder=null], RelatedListItem:[customButtons=null, excludeButtons=null, fields=(ACCOUNT.NAME, OPPORTUNITY.NAME, PARTNER.ROLE), relatedList=RelatedPartnerList, sortField=null, sortOrder=null], RelatedListItem:[customButtons=null, excludeButtons=null, fields=(NAME), relatedList=Booking__c.Account_Booking__c, sortField=null, sortOrder=null]), relatedObjects=(ParentId), runAssignmentRulesDefault=false, showEmailCheckbox=true, showHighlightsPanel=false, showInteractionLogPanel=false, showKnowledgeComponent=null, showRunAssignmentRulesCheckbox=true, showSolutionSection=null, showSubmitAndAttachButton=false, summaryLayout=null]
16:28:12.117 (117291948)|CUMULATIVE_LIMIT_USAGE
16:28:12.117 (117291948)|LIMIT_USAGE_FOR_NS|(default)|
  Number of SOQL queries: 0 out of 100
  Number of query rows: 0 out of 50000
  Number of SOSL queries: 0 out of 20
  Number of DML statements: 0 out of 150
  Number of DML rows: 0 out of 10000
  Maximum CPU time: 0 out of 10000
  Maximum heap size: 0 out of 6000000
  Number of callouts: 0 out of 100
  Number of Email Invocations: 0 out of 10
  Number of future calls: 0 out of 50
  Number of queueable jobs added to the queue: 0 out of 50
  Number of Mobile Apex push calls: 0 out of 10

16:28:12.117 (117291948)|CUMULATIVE_LIMIT_USAGE_END

16:28:12.1 (117335152)|CODE_UNIT_FINISHED|execute_anonymous_apex
16:28:12.1 (118785828)|EXECUTION_FINISHED
